[0.225s] Invoking command in '/home/aidin/warehouse_auto_ws/build/warehouse_description': CMAKE_PREFIX_PATH=${CMAKE_PREFIX_PATH}:/opt/ros/jazzy PS1=
\[[1;36m\]warehouse_auto_ws\[[0m\] on \[[1;35m\] master\[[0m\] \[[1;31m\][?]\[[0m\] 
\[[1;32m\]❯\[[0m\] /usr/bin/cmake --build /home/aidin/warehouse_auto_ws/build/warehouse_description -- -j12 -l12
[0.923s] Invoked command in '/home/aidin/warehouse_auto_ws/build/warehouse_description' returned '0': CMAKE_PREFIX_PATH=${CMAKE_PREFIX_PATH}:/opt/ros/jazzy PS1=
\[[1;36m\]warehouse_auto_ws\[[0m\] on \[[1;35m\] master\[[0m\] \[[1;31m\][?]\[[0m\] 
\[[1;32m\]❯\[[0m\] /usr/bin/cmake --build /home/aidin/warehouse_auto_ws/build/warehouse_description -- -j12 -l12
[0.939s] Invoking command in '/home/aidin/warehouse_auto_ws/build/warehouse_description': CMAKE_PREFIX_PATH=${CMAKE_PREFIX_PATH}:/opt/ros/jazzy PS1=
\[[1;36m\]warehouse_auto_ws\[[0m\] on \[[1;35m\] master\[[0m\] \[[1;31m\][?]\[[0m\] 
\[[1;32m\]❯\[[0m\] /usr/bin/cmake --install /home/aidin/warehouse_auto_ws/build/warehouse_description
[0.983s] -- Install configuration: ""
[1.026s] -- Execute custom install script
[1.079s] -- Up-to-date symlink: /home/aidin/warehouse_auto_ws/install/warehouse_description/share/warehouse_description/launch/spawn_robot.launch.py
[1.090s] -- Up-to-date symlink: /home/aidin/warehouse_auto_ws/install/warehouse_description/share/warehouse_description/urdf/warehouse_robot.urdf
[1.100s] -- Up-to-date symlink: /home/aidin/warehouse_auto_ws/install/warehouse_description/share/warehouse_description/worlds/empty_world.sdf
[1.100s] -- Up-to-date symlink: /home/aidin/warehouse_auto_ws/install/warehouse_description/share/ament_index/resource_index/package_run_dependencies/warehouse_description
[1.101s] -- Up-to-date symlink: /home/aidin/warehouse_auto_ws/install/warehouse_description/share/ament_index/resource_index/parent_prefix_path/warehouse_description
[1.102s] -- Up-to-date symlink: /home/aidin/warehouse_auto_ws/install/warehouse_description/share/warehouse_description/environment/ament_prefix_path.sh
[1.102s] -- Up-to-date symlink: /home/aidin/warehouse_auto_ws/install/warehouse_description/share/warehouse_description/environment/ament_prefix_path.dsv
[1.103s] -- Up-to-date symlink: /home/aidin/warehouse_auto_ws/install/warehouse_description/share/warehouse_description/environment/path.sh
[1.104s] -- Up-to-date symlink: /home/aidin/warehouse_auto_ws/install/warehouse_description/share/warehouse_description/environment/path.dsv
[1.104s] -- Up-to-date symlink: /home/aidin/warehouse_auto_ws/install/warehouse_description/share/warehouse_description/local_setup.bash
[1.105s] -- Up-to-date symlink: /home/aidin/warehouse_auto_ws/install/warehouse_description/share/warehouse_description/local_setup.sh
[1.105s] -- Up-to-date symlink: /home/aidin/warehouse_auto_ws/install/warehouse_description/share/warehouse_description/local_setup.zsh
[1.106s] -- Up-to-date symlink: /home/aidin/warehouse_auto_ws/install/warehouse_description/share/warehouse_description/local_setup.dsv
[1.106s] -- Symlinking: /home/aidin/warehouse_auto_ws/install/warehouse_description/share/warehouse_description/package.dsv
[1.188s] -- Up-to-date symlink: /home/aidin/warehouse_auto_ws/install/warehouse_description/share/ament_index/resource_index/packages/warehouse_description
[1.189s] -- Up-to-date symlink: /home/aidin/warehouse_auto_ws/install/warehouse_description/share/warehouse_description/cmake/warehouse_descriptionConfig.cmake
[1.190s] -- Up-to-date symlink: /home/aidin/warehouse_auto_ws/install/warehouse_description/share/warehouse_description/cmake/warehouse_descriptionConfig-version.cmake
[1.190s] -- Up-to-date symlink: /home/aidin/warehouse_auto_ws/install/warehouse_description/share/warehouse_description/package.xml
[1.192s] Invoked command in '/home/aidin/warehouse_auto_ws/build/warehouse_description' returned '0': CMAKE_PREFIX_PATH=${CMAKE_PREFIX_PATH}:/opt/ros/jazzy PS1=
\[[1;36m\]warehouse_auto_ws\[[0m\] on \[[1;35m\] master\[[0m\] \[[1;31m\][?]\[[0m\] 
\[[1;32m\]❯\[[0m\] /usr/bin/cmake --install /home/aidin/warehouse_auto_ws/build/warehouse_description
