[2.986s] DEBUG:colcon:Command line arguments: ['/usr/bin/colcon', 'build', '--symlink-install']
[2.986s] DEBUG:colcon:Parsed command line arguments: Namespace(log_base=None, log_level=None, verb_name='build', build_base='build', install_base='install', merge_install=False, symlink_install=True, test_result_base=None, continue_on_error=False, executor='parallel', parallel_workers=12, event_handlers=None, ignore_user_meta=False, metas=['./colcon.meta'], base_paths=['.'], packages_ignore=None, packages_ignore_regex=None, paths=None, packages_up_to=None, packages_up_to_regex=None, packages_above=None, packages_above_and_dependencies=None, packages_above_depth=None, packages_select_by_dep=None, packages_skip_by_dep=None, packages_skip_up_to=None, packages_select_build_failed=False, packages_skip_build_finished=False, packages_select_test_failures=False, packages_skip_test_passed=False, packages_select=None, packages_skip=None, packages_select_regex=None, packages_skip_regex=None, packages_start=None, packages_end=None, allow_overriding=[], cmake_args=None, cmake_target=None, cmake_target_skip_unavailable=False, cmake_clean_cache=False, cmake_clean_first=False, cmake_force_configure=False, ament_cmake_args=None, catkin_cmake_args=None, catkin_skip_building_tests=False, mixin_files=None, mixin=None, verb_parser=<colcon_mixin.mixin.mixin_argument.MixinArgumentDecorator object at 0x74dd5a298aa0>, verb_extension=<colcon_core.verb.build.BuildVerb object at 0x74dd5a2986b0>, main=<bound method BuildVerb.main of <colcon_core.verb.build.BuildVerb object at 0x74dd5a2986b0>>, mixin_verb=('build',))
[3.440s] Level 1:colcon.colcon_core.package_discovery:discover_packages(colcon_meta) check parameters
[3.441s] Level 1:colcon.colcon_core.package_discovery:discover_packages(recursive) check parameters
[3.441s] Level 1:colcon.colcon_core.package_discovery:discover_packages(ignore) check parameters
[3.441s] Level 1:colcon.colcon_core.package_discovery:discover_packages(path) check parameters
[3.441s] Level 1:colcon.colcon_core.package_discovery:discover_packages(colcon_meta) discover
[3.441s] Level 1:colcon.colcon_core.package_discovery:discover_packages(recursive) discover
[3.441s] INFO:colcon.colcon_core.package_discovery:Crawling recursively for packages in '/home/aidin/warehouse_auto_ws'
[3.441s] Level 1:colcon.colcon_core.package_identification:_identify(.) by extensions ['ignore', 'ignore_ament_install']
[3.441s] Level 1:colcon.colcon_core.package_identification:_identify(.) by extension 'ignore'
[3.441s] Level 1:colcon.colcon_core.package_identification:_identify(.) by extension 'ignore_ament_install'
[3.441s] Level 1:colcon.colcon_core.package_identification:_identify(.) by extensions ['colcon_pkg']
[3.441s] Level 1:colcon.colcon_core.package_identification:_identify(.) by extension 'colcon_pkg'
[3.441s] Level 1:colcon.colcon_core.package_identification:_identify(.) by extensions ['colcon_meta']
[3.441s] Level 1:colcon.colcon_core.package_identification:_identify(.) by extension 'colcon_meta'
[3.441s] Level 1:colcon.colcon_core.package_identification:_identify(.) by extensions ['ros']
[3.441s] Level 1:colcon.colcon_core.package_identification:_identify(.) by extension 'ros'
[39.220s] Level 1:colcon.colcon_core.package_identification:_identify(.) by extensions ['cmake', 'python']
[39.220s] Level 1:colcon.colcon_core.package_identification:_identify(.) by extension 'cmake'
[39.220s] Level 1:colcon.colcon_core.package_identification:_identify(.) by extension 'python'
[39.220s] Level 1:colcon.colcon_core.package_identification:_identify(.) by extensions ['python_setup_py']
[39.220s] Level 1:colcon.colcon_core.package_identification:_identify(.) by extension 'python_setup_py'
[39.220s] Level 1:colcon.colcon_core.package_identification:_identify(build) by extensions ['ignore', 'ignore_ament_install']
[39.221s] Level 1:colcon.colcon_core.package_identification:_identify(build) by extension 'ignore'
[39.221s] Level 1:colcon.colcon_core.package_identification:_identify(build) ignored
[3.266s] Level 1:colcon.colcon_core.package_identification:_identify(install) by extensions ['ignore', 'ignore_ament_install']
[3.266s] Level 1:colcon.colcon_core.package_identification:_identify(install) by extension 'ignore'
[3.266s] Level 1:colcon.colcon_core.package_identification:_identify(install) ignored
[3.266s] Level 1:colcon.colcon_core.package_identification:_identify(log) by extensions ['ignore', 'ignore_ament_install']
[3.266s] Level 1:colcon.colcon_core.package_identification:_identify(log) by extension 'ignore'
[3.266s] Level 1:colcon.colcon_core.package_identification:_identify(log) ignored
[3.266s] Level 1:colcon.colcon_core.package_identification:_identify(src) by extensions ['ignore', 'ignore_ament_install']
[3.266s] Level 1:colcon.colcon_core.package_identification:_identify(src) by extension 'ignore'
[3.266s] Level 1:colcon.colcon_core.package_identification:_identify(src) by extension 'ignore_ament_install'
[3.267s] Level 1:colcon.colcon_core.package_identification:_identify(src) by extensions ['colcon_pkg']
[3.267s] Level 1:colcon.colcon_core.package_identification:_identify(src) by extension 'colcon_pkg'
[3.267s] Level 1:colcon.colcon_core.package_identification:_identify(src) by extensions ['colcon_meta']
[3.267s] Level 1:colcon.colcon_core.package_identification:_identify(src) by extension 'colcon_meta'
[3.267s] Level 1:colcon.colcon_core.package_identification:_identify(src) by extensions ['ros']
[3.267s] Level 1:colcon.colcon_core.package_identification:_identify(src) by extension 'ros'
[3.267s] Level 1:colcon.colcon_core.package_identification:_identify(src) by extensions ['cmake', 'python']
[3.267s] Level 1:colcon.colcon_core.package_identification:_identify(src) by extension 'cmake'
[3.267s] Level 1:colcon.colcon_core.package_identification:_identify(src) by extension 'python'
[3.267s] Level 1:colcon.colcon_core.package_identification:_identify(src) by extensions ['python_setup_py']
[3.267s] Level 1:colcon.colcon_core.package_identification:_identify(src) by extension 'python_setup_py'
[3.267s] Level 1:colcon.colcon_core.package_identification:_identify(src/warehouse_description) by extensions ['ignore', 'ignore_ament_install']
[3.267s] Level 1:colcon.colcon_core.package_identification:_identify(src/warehouse_description) by extension 'ignore'
[3.267s] Level 1:colcon.colcon_core.package_identification:_identify(src/warehouse_description) by extension 'ignore_ament_install'
[3.267s] Level 1:colcon.colcon_core.package_identification:_identify(src/warehouse_description) by extensions ['colcon_pkg']
[3.267s] Level 1:colcon.colcon_core.package_identification:_identify(src/warehouse_description) by extension 'colcon_pkg'
[3.267s] Level 1:colcon.colcon_core.package_identification:_identify(src/warehouse_description) by extensions ['colcon_meta']
[3.267s] Level 1:colcon.colcon_core.package_identification:_identify(src/warehouse_description) by extension 'colcon_meta'
[3.268s] Level 1:colcon.colcon_core.package_identification:_identify(src/warehouse_description) by extensions ['ros']
[3.268s] Level 1:colcon.colcon_core.package_identification:_identify(src/warehouse_description) by extension 'ros'
[3.302s] DEBUG:colcon.colcon_core.package_identification:Package 'src/warehouse_description' with type 'ros.ament_cmake' and name 'warehouse_description'
[3.302s] Level 1:colcon.colcon_core.package_discovery:discover_packages(recursive) using defaults
[3.302s] Level 1:colcon.colcon_core.package_discovery:discover_packages(ignore) discover
[3.302s] Level 1:colcon.colcon_core.package_discovery:discover_packages(ignore) using defaults
[3.302s] Level 1:colcon.colcon_core.package_discovery:discover_packages(path) discover
[3.302s] Level 1:colcon.colcon_core.package_discovery:discover_packages(path) using defaults
[4.370s] Level 1:colcon.colcon_core.package_discovery:discover_packages(prefix_path) check parameters
[4.370s] Level 1:colcon.colcon_core.package_discovery:discover_packages(prefix_path) discover
[4.453s] DEBUG:colcon.colcon_installed_package_information.package_discovery:Found 1 installed packages in /home/aidin/warehouse_auto_ws/install
[4.489s] DEBUG:colcon.colcon_installed_package_information.package_discovery:Found 452 installed packages in /opt/ros/jazzy
[4.494s] Level 1:colcon.colcon_core.package_discovery:discover_packages(prefix_path) using defaults
[7.224s] Level 5:colcon.colcon_core.verb:set package 'warehouse_description' build argument 'cmake_args' from command line to 'None'
[7.224s] Level 5:colcon.colcon_core.verb:set package 'warehouse_description' build argument 'cmake_target' from command line to 'None'
[7.224s] Level 5:colcon.colcon_core.verb:set package 'warehouse_description' build argument 'cmake_target_skip_unavailable' from command line to 'False'
[7.224s] Level 5:colcon.colcon_core.verb:set package 'warehouse_description' build argument 'cmake_clean_cache' from command line to 'False'
[7.224s] Level 5:colcon.colcon_core.verb:set package 'warehouse_description' build argument 'cmake_clean_first' from command line to 'False'
[7.224s] Level 5:colcon.colcon_core.verb:set package 'warehouse_description' build argument 'cmake_force_configure' from command line to 'False'
[7.224s] Level 5:colcon.colcon_core.verb:set package 'warehouse_description' build argument 'ament_cmake_args' from command line to 'None'
[7.224s] Level 5:colcon.colcon_core.verb:set package 'warehouse_description' build argument 'catkin_cmake_args' from command line to 'None'
[7.224s] Level 5:colcon.colcon_core.verb:set package 'warehouse_description' build argument 'catkin_skip_building_tests' from command line to 'False'
[7.224s] DEBUG:colcon.colcon_core.verb:Building package 'warehouse_description' with the following arguments: {'ament_cmake_args': None, 'build_base': '/home/aidin/warehouse_auto_ws/build/warehouse_description', 'catkin_cmake_args': None, 'catkin_skip_building_tests': False, 'cmake_args': None, 'cmake_clean_cache': False, 'cmake_clean_first': False, 'cmake_force_configure': False, 'cmake_target': None, 'cmake_target_skip_unavailable': False, 'install_base': '/home/aidin/warehouse_auto_ws/install/warehouse_description', 'merge_install': False, 'path': '/home/aidin/warehouse_auto_ws/src/warehouse_description', 'symlink_install': True, 'test_result_base': None}
[7.224s] INFO:colcon.colcon_core.executor:Executing jobs using 'parallel' executor
[7.225s] DEBUG:colcon.colcon_parallel_executor.executor.parallel:run_until_complete
[7.225s] INFO:colcon.colcon_ros.task.ament_cmake.build:Building ROS package in '/home/aidin/warehouse_auto_ws/src/warehouse_description' with build type 'ament_cmake'
[7.225s] INFO:colcon.colcon_cmake.task.cmake.build:Building CMake package in '/home/aidin/warehouse_auto_ws/src/warehouse_description'
[7.322s] INFO:colcon.colcon_core.plugin_system:Skipping extension 'colcon_core.shell.bat': Not used on non-Windows systems
[7.322s] INFO:colcon.colcon_core.shell:Skip shell extension 'powershell' for command environment: Not usable outside of PowerShell
[7.322s] DEBUG:colcon.colcon_core.shell:Skip shell extension 'dsv' for command environment
[7.407s] DEBUG:colcon.colcon_core.event_handler.log_command:Invoking command in '/home/aidin/warehouse_auto_ws/build/warehouse_description': CMAKE_PREFIX_PATH=${CMAKE_PREFIX_PATH}:/opt/ros/jazzy PS1=
\[[1;36m\]warehouse_auto_ws\[[0m\] on \[[1;35m\] master\[[0m\] \[[1;31m\][?]\[[0m\] took \[[1;33m\]1m9s\[[0m\] 
\[[1;31m\]❯\[[0m\] /usr/bin/cmake /home/aidin/warehouse_auto_ws/src/warehouse_description -DAMENT_CMAKE_SYMLINK_INSTALL=1 -DCMAKE_INSTALL_PREFIX=/home/aidin/warehouse_auto_ws/install/warehouse_description
[37.027s] DEBUG:colcon.colcon_core.event_handler.log_command:Invoked command in '/home/aidin/warehouse_auto_ws/build/warehouse_description' returned '0': CMAKE_PREFIX_PATH=${CMAKE_PREFIX_PATH}:/opt/ros/jazzy PS1=
\[[1;36m\]warehouse_auto_ws\[[0m\] on \[[1;35m\] master\[[0m\] \[[1;31m\][?]\[[0m\] took \[[1;33m\]1m9s\[[0m\] 
\[[1;31m\]❯\[[0m\] /usr/bin/cmake /home/aidin/warehouse_auto_ws/src/warehouse_description -DAMENT_CMAKE_SYMLINK_INSTALL=1 -DCMAKE_INSTALL_PREFIX=/home/aidin/warehouse_auto_ws/install/warehouse_description
[37.031s] DEBUG:colcon.colcon_core.event_handler.log_command:Invoking command in '/home/aidin/warehouse_auto_ws/build/warehouse_description': CMAKE_PREFIX_PATH=${CMAKE_PREFIX_PATH}:/opt/ros/jazzy PS1=
\[[1;36m\]warehouse_auto_ws\[[0m\] on \[[1;35m\] master\[[0m\] \[[1;31m\][?]\[[0m\] took \[[1;33m\]1m9s\[[0m\] 
\[[1;31m\]❯\[[0m\] /usr/bin/cmake --build /home/aidin/warehouse_auto_ws/build/warehouse_description -- -j12 -l12
[37.132s] DEBUG:colcon.colcon_core.event_handler.log_command:Invoked command in '/home/aidin/warehouse_auto_ws/build/warehouse_description' returned '0': CMAKE_PREFIX_PATH=${CMAKE_PREFIX_PATH}:/opt/ros/jazzy PS1=
\[[1;36m\]warehouse_auto_ws\[[0m\] on \[[1;35m\] master\[[0m\] \[[1;31m\][?]\[[0m\] took \[[1;33m\]1m9s\[[0m\] 
\[[1;31m\]❯\[[0m\] /usr/bin/cmake --build /home/aidin/warehouse_auto_ws/build/warehouse_description -- -j12 -l12
[37.144s] DEBUG:colcon.colcon_core.event_handler.log_command:Invoking command in '/home/aidin/warehouse_auto_ws/build/warehouse_description': CMAKE_PREFIX_PATH=${CMAKE_PREFIX_PATH}:/opt/ros/jazzy PS1=
\[[1;36m\]warehouse_auto_ws\[[0m\] on \[[1;35m\] master\[[0m\] \[[1;31m\][?]\[[0m\] took \[[1;33m\]1m9s\[[0m\] 
\[[1;31m\]❯\[[0m\] /usr/bin/cmake --install /home/aidin/warehouse_auto_ws/build/warehouse_description
[37.247s] Level 1:colcon.colcon_core.environment:create_environment_scripts_only(warehouse_description)
[37.248s] DEBUG:colcon.colcon_core.event_handler.log_command:Invoked command in '/home/aidin/warehouse_auto_ws/build/warehouse_description' returned '0': CMAKE_PREFIX_PATH=${CMAKE_PREFIX_PATH}:/opt/ros/jazzy PS1=
\[[1;36m\]warehouse_auto_ws\[[0m\] on \[[1;35m\] master\[[0m\] \[[1;31m\][?]\[[0m\] took \[[1;33m\]1m9s\[[0m\] 
\[[1;31m\]❯\[[0m\] /usr/bin/cmake --install /home/aidin/warehouse_auto_ws/build/warehouse_description
[37.363s] Level 1:colcon.colcon_core.environment:checking '/home/aidin/warehouse_auto_ws/install/warehouse_description' for CMake module files
[37.366s] Level 1:colcon.colcon_core.environment:checking '/home/aidin/warehouse_auto_ws/install/warehouse_description' for CMake config files
[37.376s] Level 1:colcon.colcon_core.shell:create_environment_hook('warehouse_description', 'cmake_prefix_path')
[37.377s] INFO:colcon.colcon_core.shell:Creating environment hook '/home/aidin/warehouse_auto_ws/install/warehouse_description/share/warehouse_description/hook/cmake_prefix_path.ps1'
[37.383s] INFO:colcon.colcon_core.shell:Creating environment descriptor '/home/aidin/warehouse_auto_ws/install/warehouse_description/share/warehouse_description/hook/cmake_prefix_path.dsv'
[37.392s] INFO:colcon.colcon_core.shell:Creating environment hook '/home/aidin/warehouse_auto_ws/install/warehouse_description/share/warehouse_description/hook/cmake_prefix_path.sh'
[37.395s] Level 1:colcon.colcon_core.environment:checking '/home/aidin/warehouse_auto_ws/install/warehouse_description/bin'
[37.395s] Level 1:colcon.colcon_core.environment:checking '/home/aidin/warehouse_auto_ws/install/warehouse_description/lib/pkgconfig/warehouse_description.pc'
[37.396s] Level 1:colcon.colcon_core.environment:checking '/home/aidin/warehouse_auto_ws/install/warehouse_description/lib/python3.12/site-packages'
[37.396s] Level 1:colcon.colcon_core.environment:checking '/home/aidin/warehouse_auto_ws/install/warehouse_description/bin'
[37.396s] INFO:colcon.colcon_core.shell:Creating package script '/home/aidin/warehouse_auto_ws/install/warehouse_description/share/warehouse_description/package.ps1'
[37.398s] INFO:colcon.colcon_core.shell:Creating package descriptor '/home/aidin/warehouse_auto_ws/install/warehouse_description/share/warehouse_description/package.dsv'
[37.400s] INFO:colcon.colcon_core.shell:Creating package script '/home/aidin/warehouse_auto_ws/install/warehouse_description/share/warehouse_description/package.sh'
[37.403s] INFO:colcon.colcon_core.shell:Creating package script '/home/aidin/warehouse_auto_ws/install/warehouse_description/share/warehouse_description/package.bash'
[37.404s] INFO:colcon.colcon_core.shell:Creating package script '/home/aidin/warehouse_auto_ws/install/warehouse_description/share/warehouse_description/package.zsh'
[37.409s] Level 1:colcon.colcon_core.environment:create_file_with_runtime_dependencies(/home/aidin/warehouse_auto_ws/install/warehouse_description/share/colcon-core/packages/warehouse_description)
[37.486s] Level 1:colcon.colcon_core.environment:create_environment_scripts_only(warehouse_description)
[37.486s] Level 1:colcon.colcon_core.environment:checking '/home/aidin/warehouse_auto_ws/install/warehouse_description' for CMake module files
[37.489s] Level 1:colcon.colcon_core.environment:checking '/home/aidin/warehouse_auto_ws/install/warehouse_description' for CMake config files
[37.490s] Level 1:colcon.colcon_core.shell:create_environment_hook('warehouse_description', 'cmake_prefix_path')
[37.491s] INFO:colcon.colcon_core.shell:Creating environment hook '/home/aidin/warehouse_auto_ws/install/warehouse_description/share/warehouse_description/hook/cmake_prefix_path.ps1'
[37.493s] INFO:colcon.colcon_core.shell:Creating environment descriptor '/home/aidin/warehouse_auto_ws/install/warehouse_description/share/warehouse_description/hook/cmake_prefix_path.dsv'
[37.494s] INFO:colcon.colcon_core.shell:Creating environment hook '/home/aidin/warehouse_auto_ws/install/warehouse_description/share/warehouse_description/hook/cmake_prefix_path.sh'
[37.496s] Level 1:colcon.colcon_core.environment:checking '/home/aidin/warehouse_auto_ws/install/warehouse_description/bin'
[37.497s] Level 1:colcon.colcon_core.environment:checking '/home/aidin/warehouse_auto_ws/install/warehouse_description/lib/pkgconfig/warehouse_description.pc'
[37.498s] Level 1:colcon.colcon_core.environment:checking '/home/aidin/warehouse_auto_ws/install/warehouse_description/lib/python3.12/site-packages'
[37.498s] Level 1:colcon.colcon_core.environment:checking '/home/aidin/warehouse_auto_ws/install/warehouse_description/bin'
[37.499s] INFO:colcon.colcon_core.shell:Creating package script '/home/aidin/warehouse_auto_ws/install/warehouse_description/share/warehouse_description/package.ps1'
[37.501s] INFO:colcon.colcon_core.shell:Creating package descriptor '/home/aidin/warehouse_auto_ws/install/warehouse_description/share/warehouse_description/package.dsv'
[37.503s] INFO:colcon.colcon_core.shell:Creating package script '/home/aidin/warehouse_auto_ws/install/warehouse_description/share/warehouse_description/package.sh'
[37.504s] INFO:colcon.colcon_core.shell:Creating package script '/home/aidin/warehouse_auto_ws/install/warehouse_description/share/warehouse_description/package.bash'
[37.506s] INFO:colcon.colcon_core.shell:Creating package script '/home/aidin/warehouse_auto_ws/install/warehouse_description/share/warehouse_description/package.zsh'
[37.507s] Level 1:colcon.colcon_core.environment:create_file_with_runtime_dependencies(/home/aidin/warehouse_auto_ws/install/warehouse_description/share/colcon-core/packages/warehouse_description)
[37.508s] DEBUG:colcon.colcon_parallel_executor.executor.parallel:closing loop
[37.508s] DEBUG:colcon.colcon_parallel_executor.executor.parallel:loop closed
[37.509s] DEBUG:colcon.colcon_parallel_executor.executor.parallel:run_until_complete finished with '0'
[37.509s] DEBUG:colcon.colcon_core.event_reactor:joining thread
[37.681s] INFO:colcon.colcon_core.plugin_system:Skipping extension 'colcon_notification.desktop_notification.terminal_notifier': Not used on non-Darwin systems
[37.681s] INFO:colcon.colcon_core.plugin_system:Skipping extension 'colcon_notification.desktop_notification.win32': Not used on non-Windows systems
[37.682s] INFO:colcon.colcon_notification.desktop_notification:Sending desktop notification using 'notify2'
[37.703s] DEBUG:colcon.colcon_notification.desktop_notification.notify2:Failed to initialize notify2: org.freedesktop.DBus.Error.ServiceUnknown: The name org.freedesktop.Notifications was not provided by any .service files
[37.704s] DEBUG:colcon.colcon_core.event_reactor:joined thread
[37.704s] INFO:colcon.colcon_core.shell:Creating prefix script '/home/aidin/warehouse_auto_ws/install/local_setup.ps1'
[37.708s] INFO:colcon.colcon_core.shell:Creating prefix util module '/home/aidin/warehouse_auto_ws/install/_local_setup_util_ps1.py'
[37.712s] INFO:colcon.colcon_core.shell:Creating prefix chain script '/home/aidin/warehouse_auto_ws/install/setup.ps1'
[37.726s] INFO:colcon.colcon_core.shell:Creating prefix script '/home/aidin/warehouse_auto_ws/install/local_setup.sh'
[37.728s] INFO:colcon.colcon_core.shell:Creating prefix util module '/home/aidin/warehouse_auto_ws/install/_local_setup_util_sh.py'
[37.730s] INFO:colcon.colcon_core.shell:Creating prefix chain script '/home/aidin/warehouse_auto_ws/install/setup.sh'
[37.733s] INFO:colcon.colcon_core.shell:Creating prefix script '/home/aidin/warehouse_auto_ws/install/local_setup.bash'
[37.735s] INFO:colcon.colcon_core.shell:Creating prefix chain script '/home/aidin/warehouse_auto_ws/install/setup.bash'
[37.761s] INFO:colcon.colcon_core.shell:Creating prefix script '/home/aidin/warehouse_auto_ws/install/local_setup.zsh'
[37.816s] INFO:colcon.colcon_core.shell:Creating prefix chain script '/home/aidin/warehouse_auto_ws/install/setup.zsh'
