[0.181s] Invoking command in '/home/aidin/warehouse_auto_ws/build/warehouse_description': CMAKE_PREFIX_PATH=${CMAKE_PREFIX_PATH}:/opt/ros/jazzy PS1=
\[[1;36m\]warehouse_auto_ws\[[0m\] on \[[1;35m\] master\[[0m\] \[[1;31m\][?]\[[0m\] took \[[1;33m\]1m9s\[[0m\] 
\[[1;31m\]❯\[[0m\] /usr/bin/cmake /home/aidin/warehouse_auto_ws/src/warehouse_description -DAMENT_CMAKE_SYMLINK_INSTALL=1 -DCMAKE_INSTALL_PREFIX=/home/aidin/warehouse_auto_ws/install/warehouse_description
[1.195s] -- Found ament_cmake: 2.5.4 (/opt/ros/jazzy/share/ament_cmake/cmake)
[2.208s] -- Override CMake install command with custom implementation using symlinks instead of copying resources
[2.635s] -- Found rclcpp: 28.1.10 (/opt/ros/jazzy/share/rclcpp/cmake)
[3.753s] -- Found rosidl_generator_c: 4.6.5 (/opt/ros/jazzy/share/rosidl_generator_c/cmake)
[3.786s] -- Found rosidl_generator_cpp: 4.6.5 (/opt/ros/jazzy/share/rosidl_generator_cpp/cmake)
[3.873s] -- Using all available rosidl_typesupport_c: rosidl_typesupport_fastrtps_c;rosidl_typesupport_introspection_c
[3.943s] -- Using all available rosidl_typesupport_cpp: rosidl_typesupport_fastrtps_cpp;rosidl_typesupport_introspection_cpp
[4.250s] -- Found rmw_implementation_cmake: 7.3.2 (/opt/ros/jazzy/share/rmw_implementation_cmake/cmake)
[4.262s] -- Found rmw_fastrtps_cpp: 8.4.2 (/opt/ros/jazzy/share/rmw_fastrtps_cpp/cmake)
[4.854s] -- Using RMW implementation 'rmw_fastrtps_cpp' as default
[5.335s] -- Found ros_gz_sim: 1.0.15 (/opt/ros/jazzy/share/ros_gz_sim/cmake)
[6.021s] -- Found nav_msgs: 5.3.6 (/opt/ros/jazzy/share/nav_msgs/cmake)
[6.079s] -- Found sensor_msgs: 5.3.6 (/opt/ros/jazzy/share/sensor_msgs/cmake)
[6.154s] -- Found gz_math_vendor: 0.0.8 (/opt/ros/jazzy/share/gz_math_vendor/cmake)
[6.218s] -- Looking for gz-math7 -- found version 7.5.2
[6.354s] -- Searching for dependencies of gz-math7
[6.365s] -- Looking for gz-utils2 -- found version 2.2.1
[6.366s] -- Searching for dependencies of gz-utils2
[6.471s] -- Found gz_sim_vendor: 0.0.8 (/opt/ros/jazzy/share/gz_sim_vendor/cmake)
[6.821s] -- Looking for gz-sim8 -- found version 8.9.0
[6.822s] -- Searching for dependencies of gz-sim8
[6.839s] -- Looking for sdformat14 -- found version 14.7.0
[6.840s] -- Searching for dependencies of sdformat14
[6.873s] -- Checking for module 'tinyxml2'
[6.935s] --   Found tinyxml2, version 10.0.0
[7.005s] -- Looking for gz-math7 -- found version 7.5.2
[7.005s] -- Looking for gz-utils2 -- found version 2.2.1
[7.006s] -- Searching for dependencies of gz-utils2
[7.006s] -- Searching for <gz-utils2> component [cli]
[7.020s] -- Looking for gz-utils2-cli -- found version 2.2.1
[7.021s] -- Searching for dependencies of gz-utils2-cli
[7.159s] -- Looking for gz-plugin2 -- found version 2.0.4
[7.159s] -- Searching for dependencies of gz-plugin2
[7.159s] -- Looking for gz-utils2 -- found version 2.2.1
[7.354s] -- Searching for <gz-plugin2> component [loader]
[7.416s] -- Looking for gz-plugin2-loader -- found version 2.0.4
[7.417s] -- Searching for dependencies of gz-plugin2-loader
[7.624s] -- Searching for <gz-plugin2> component [register]
[7.627s] -- Looking for gz-plugin2-register -- found version 2.0.4
[7.627s] -- Searching for dependencies of gz-plugin2-register
[7.775s] -- Looking for gz-transport13 -- found version 13.4.1
[7.776s] -- Searching for dependencies of gz-transport13
[13.268s] -- Config-file not installed for ZeroMQ -- checking for pkg-config
[13.274s] -- Checking for module 'libzmq >= 4'
[13.324s] --   Found libzmq, version 4.3.5
[13.479s] -- Checking for module 'uuid'
[13.514s] --   Found uuid, version 2.39.3
[13.572s] -- Looking for gz-utils2 -- found version 2.2.1
[13.583s] -- Looking for gz-msgs10 -- found version 10.3.2
[13.583s] -- Searching for dependencies of gz-msgs10
[15.443s] -- Looking for gz-utils2 -- found version 2.2.1
[15.443s] -- Looking for gz-math7 -- found version 7.5.2
[15.527s] -- Searching for <gz-transport13> component [log]
[15.530s] -- Looking for gz-transport13-log -- found version 13.4.1
[15.530s] -- Searching for dependencies of gz-transport13-log
[15.534s] -- Searching for <gz-transport13> component [parameters]
[15.536s] -- Looking for gz-transport13-parameters -- found version 13.4.1
[15.536s] -- Searching for dependencies of gz-transport13-parameters
[15.540s] -- Looking for gz-msgs10 -- found version 10.3.2
[15.555s] -- Looking for gz-common5 -- found version 5.7.1
[15.555s] -- Searching for dependencies of gz-common5
[15.555s] -- Looking for gz-utils2 -- found version 2.2.1
[15.557s] -- Looking for dlfcn.h - found
[15.557s] -- Looking for libdl - found
[15.582s] -- Searching for <gz-common5> component [av]
[15.585s] -- Looking for gz-common5-av -- found version 5.7.1
[15.585s] -- Searching for dependencies of gz-common5-av
[15.594s] -- Checking for module 'libswscale'
[15.620s] --   Found libswscale, version 7.5.100
[15.676s] -- Checking for module 'libavdevice >= 56.4.100'
[15.708s] --   Found libavdevice, version 60.3.100
[15.786s] -- Checking for module 'libavformat'
[15.808s] --   Found libavformat, version 60.16.100
[15.868s] -- Checking for module 'libavcodec'
[15.888s] --   Found libavcodec, version 60.31.102
[15.944s] -- Checking for module 'libavutil'
[15.964s] --   Found libavutil, version 58.29.100
[16.035s] -- Searching for <gz-common5> component [events]
[16.038s] -- Looking for gz-common5-events -- found version 5.7.1
[16.038s] -- Searching for dependencies of gz-common5-events
[16.039s] -- Looking for gz-math7 -- found version 7.5.2
[16.042s] -- Searching for <gz-common5> component [graphics]
[16.044s] -- Looking for gz-common5-graphics -- found version 5.7.1
[16.044s] -- Searching for dependencies of gz-common5-graphics
[16.045s] -- Looking for gz-math7 -- found version 7.5.2
[16.087s] -- Searching for <gz-common5> component [io]
[16.089s] -- Looking for gz-common5-io -- found version 5.7.1
[16.090s] -- Searching for dependencies of gz-common5-io
[16.097s] -- Searching for <gz-common5> component [profiler]
[16.099s] -- Looking for gz-common5-profiler -- found version 5.7.1
[16.099s] -- Searching for dependencies of gz-common5-profiler
[16.117s] -- Looking for gz-fuel_tools9 -- found version 9.1.1
[16.117s] -- Searching for dependencies of gz-fuel_tools9
[18.304s] -- Checking for module 'jsoncpp'
[18.333s] --   Found jsoncpp, version 1.9.5
[20.110s] -- Checking for module 'yaml-0.1'
[20.133s] --   Found yaml-0.1, version 0.2.5
[20.184s] -- Checking for module 'libzip'
[20.297s] --   Found libzip, version 1.7.3
[20.348s] -- Looking for gz-utils2 -- found version 2.2.1
[20.348s] -- Looking for gz-common5 -- found version 5.7.1
[20.349s] -- Searching for dependencies of gz-common5
[20.349s] -- Looking for gz-utils2 -- found version 2.2.1
[20.350s] -- Looking for dlfcn.h - found
[20.350s] -- Looking for libdl - found
[20.358s] -- Searching for <gz-common5> component [testing]
[20.361s] -- Looking for gz-common5-testing -- found version 5.7.1
[20.362s] -- Searching for dependencies of gz-common5-testing
[20.365s] -- Looking for gz-math7 -- found version 7.5.2
[20.366s] -- Looking for gz-msgs10 -- found version 10.3.2
[20.374s] -- Looking for gz-gui8 -- found version 8.4.0
[20.374s] -- Searching for dependencies of gz-gui8
[22.225s] -- Looking for gz-utils2 -- found version 2.2.1
[22.226s] -- Looking for gz-math7 -- found version 7.5.2
[22.226s] -- Looking for gz-common5 -- found version 5.7.1
[22.227s] -- Looking for gz-plugin2 -- found version 2.0.4
[22.227s] -- Looking for gz-transport13 -- found version 13.4.1
[22.327s] -- Looking for gz-rendering8 -- found version 8.2.2
[22.327s] -- Searching for dependencies of gz-rendering8
[22.328s] -- Looking for gz-math7 -- found version 7.5.2
[22.328s] -- Searching for dependencies of gz-math7
[22.328s] -- Looking for gz-utils2 -- found version 2.2.1
[22.329s] -- Searching for <gz-math7> component [eigen3]
[22.351s] -- Looking for gz-math7-eigen3 -- found version 7.5.2
[22.351s] -- Searching for dependencies of gz-math7-eigen3
[22.391s] -- Looking for gz-common5 -- found version 5.7.1
[22.391s] -- Searching for dependencies of gz-common5
[22.392s] -- Looking for gz-utils2 -- found version 2.2.1
[22.392s] -- Looking for dlfcn.h - found
[22.392s] -- Looking for libdl - found
[22.401s] -- Searching for <gz-common5> component [graphics]
[22.401s] -- Searching for <gz-common5> component [events]
[22.401s] -- Searching for <gz-common5> component [geospatial]
[22.403s] -- Looking for gz-common5-geospatial -- found version 5.7.1
[22.403s] -- Searching for dependencies of gz-common5-geospatial
[22.404s] -- Looking for gz-math7 -- found version 7.5.2
[22.404s] -- Looking for gz-common5 -- found version 5.7.1
[22.407s] -- Looking for gz-plugin2 -- found version 2.0.4
[22.407s] -- Searching for dependencies of gz-plugin2
[22.407s] -- Looking for gz-utils2 -- found version 2.2.1
[22.408s] -- Searching for <gz-plugin2> component [all]
[22.410s] -- Looking for all libraries of gz-plugin2 -- found version 2.0.4
[22.411s] -- Looking for gz-plugin2 -- found version 2.0.4
[22.422s] -- Looking for gz-utils2 -- found version 2.2.1
[22.692s] -- Looking for gz-msgs10 -- found version 10.3.2
[23.751s] -- Looking for gz-physics7 -- found version 7.5.0
[23.751s] -- Searching for dependencies of gz-physics7
[23.752s] -- Looking for gz-common5 -- found version 5.7.1
[23.753s] -- Looking for gz-math7 -- found version 7.5.2
[23.754s] -- Looking for gz-plugin2 -- found version 2.0.4
[23.755s] -- Looking for gz-utils2 -- found version 2.2.1
[23.771s] -- Searching for <gz-physics7> component [heightmap]
[23.773s] -- Looking for gz-physics7-heightmap -- found version 7.5.0
[23.773s] -- Searching for dependencies of gz-physics7-heightmap
[23.774s] -- Looking for gz-common5 -- found version 5.7.1
[23.777s] -- Searching for <gz-physics7> component [mesh]
[23.779s] -- Looking for gz-physics7-mesh -- found version 7.5.0
[23.779s] -- Searching for dependencies of gz-physics7-mesh
[23.780s] -- Looking for gz-common5 -- found version 5.7.1
[23.782s] -- Searching for <gz-physics7> component [sdf]
[23.784s] -- Looking for gz-physics7-sdf -- found version 7.5.0
[23.784s] -- Searching for dependencies of gz-physics7-sdf
[23.785s] -- Looking for sdformat14 -- found version 14.7.0
[23.789s] -- Looking for gz-sensors8 -- found version 8.2.2
[23.789s] -- Searching for dependencies of gz-sensors8
[25.530s] -- Looking for gz-math7 -- found version 7.5.2
[25.531s] -- Looking for gz-common5 -- found version 5.7.1
[25.531s] -- Looking for gz-transport13 -- found version 13.4.1
[25.532s] -- Looking for gz-rendering8 -- found version 8.2.2
[25.532s] -- Looking for gz-msgs10 -- found version 10.3.2
[25.533s] -- Looking for sdformat14 -- found version 14.7.0
[25.627s] -- Searching for <gz-sensors8> component [air_pressure]
[25.629s] -- Looking for gz-sensors8-air_pressure -- found version 8.2.2
[25.629s] -- Searching for dependencies of gz-sensors8-air_pressure
[25.633s] -- Searching for <gz-sensors8> component [air_speed]
[25.635s] -- Looking for gz-sensors8-air_speed -- found version 8.2.2
[25.635s] -- Searching for dependencies of gz-sensors8-air_speed
[25.638s] -- Searching for <gz-sensors8> component [altimeter]
[25.640s] -- Looking for gz-sensors8-altimeter -- found version 8.2.2
[25.640s] -- Searching for dependencies of gz-sensors8-altimeter
[25.643s] -- Searching for <gz-sensors8> component [imu]
[25.657s] -- Looking for gz-sensors8-imu -- found version 8.2.2
[25.657s] -- Searching for dependencies of gz-sensors8-imu
[25.671s] -- Searching for <gz-sensors8> component [force_torque]
[25.689s] -- Looking for gz-sensors8-force_torque -- found version 8.2.2
[25.689s] -- Searching for dependencies of gz-sensors8-force_torque
[25.704s] -- Searching for <gz-sensors8> component [logical_camera]
[25.706s] -- Looking for gz-sensors8-logical_camera -- found version 8.2.2
[25.706s] -- Searching for dependencies of gz-sensors8-logical_camera
[25.709s] -- Searching for <gz-sensors8> component [magnetometer]
[25.710s] -- Looking for gz-sensors8-magnetometer -- found version 8.2.2
[25.710s] -- Searching for dependencies of gz-sensors8-magnetometer
[25.712s] -- Searching for <gz-sensors8> component [navsat]
[25.714s] -- Looking for gz-sensors8-navsat -- found version 8.2.2
[25.715s] -- Searching for dependencies of gz-sensors8-navsat
[25.718s] -- Searching for <gz-sensors8> component [dvl]
[25.729s] -- Looking for gz-sensors8-dvl -- found version 8.2.2
[25.729s] -- Searching for dependencies of gz-sensors8-dvl
[25.730s] -- Looking for gz-sensors8 -- found version 8.2.2
[25.730s] -- Searching for dependencies of gz-sensors8
[27.616s] -- Looking for gz-math7 -- found version 7.5.2
[27.616s] -- Looking for gz-common5 -- found version 5.7.1
[27.617s] -- Looking for gz-transport13 -- found version 13.4.1
[27.617s] -- Looking for gz-rendering8 -- found version 8.2.2
[27.618s] -- Looking for gz-msgs10 -- found version 10.3.2
[27.618s] -- Looking for sdformat14 -- found version 14.7.0
[27.619s] -- Searching for <gz-sensors8> component [rendering]
[27.622s] -- Looking for gz-sensors8-rendering -- found version 8.2.2
[27.622s] -- Searching for dependencies of gz-sensors8-rendering
[27.715s] -- Searching for <gz-sensors8> component [rendering]
[27.715s] -- Searching for <gz-sensors8> component [lidar]
[27.719s] -- Looking for gz-sensors8-lidar -- found version 8.2.2
[27.719s] -- Searching for dependencies of gz-sensors8-lidar
[27.719s] -- Looking for gz-sensors8 -- found version 8.2.2
[27.722s] -- Searching for <gz-sensors8> component [gpu_lidar]
[27.724s] -- Looking for gz-sensors8-gpu_lidar -- found version 8.2.2
[27.724s] -- Searching for dependencies of gz-sensors8-gpu_lidar
[27.725s] -- Looking for gz-sensors8 -- found version 8.2.2
[27.727s] -- Searching for <gz-sensors8> component [camera]
[27.730s] -- Looking for gz-sensors8-camera -- found version 8.2.2
[27.730s] -- Searching for dependencies of gz-sensors8-camera
[27.731s] -- Looking for gz-sensors8 -- found version 8.2.2
[27.734s] -- Searching for <gz-sensors8> component [boundingbox_camera]
[27.741s] -- Looking for gz-sensors8-boundingbox_camera -- found version 8.2.2
[27.742s] -- Searching for dependencies of gz-sensors8-boundingbox_camera
[27.745s] -- Searching for <gz-sensors8> component [segmentation_camera]
[27.746s] -- Looking for gz-sensors8-segmentation_camera -- found version 8.2.2
[27.747s] -- Searching for dependencies of gz-sensors8-segmentation_camera
[27.749s] -- Searching for <gz-sensors8> component [depth_camera]
[27.751s] -- Looking for gz-sensors8-depth_camera -- found version 8.2.2
[27.751s] -- Searching for dependencies of gz-sensors8-depth_camera
[27.752s] -- Looking for gz-sensors8 -- found version 8.2.2
[27.754s] -- Searching for <gz-sensors8> component [rgbd_camera]
[27.755s] -- Looking for gz-sensors8-rgbd_camera -- found version 8.2.2
[27.756s] -- Searching for dependencies of gz-sensors8-rgbd_camera
[27.756s] -- Looking for gz-sensors8 -- found version 8.2.2
[27.759s] -- Searching for <gz-sensors8> component [thermal_camera]
[27.761s] -- Looking for gz-sensors8-thermal_camera -- found version 8.2.2
[27.761s] -- Searching for dependencies of gz-sensors8-thermal_camera
[27.761s] -- Looking for gz-sensors8 -- found version 8.2.2
[27.763s] -- Searching for <gz-sensors8> component [wide_angle_camera]
[27.765s] -- Looking for gz-sensors8-wide_angle_camera -- found version 8.2.2
[27.765s] -- Searching for dependencies of gz-sensors8-wide_angle_camera
[27.768s] -- Looking for gz-rendering8 -- found version 8.2.2
[27.768s] -- Looking for gz-math7 -- found version 7.5.2
[27.768s] -- Looking for gz-utils2 -- found version 2.2.1
[29.593s] -- Looking for gz-plugin2 -- found version 2.0.4
[29.620s] -- Found ament_lint_auto: 0.17.2 (/opt/ros/jazzy/share/ament_lint_auto/cmake)
[30.015s] -- Added test 'flake8' to check Python code syntax and style conventions
[30.015s] -- Configured 'flake8' exclude dirs and/or files: 
[30.017s] -- Added test 'lint_cmake' to check CMake code style
[30.018s] -- Added test 'pep257' to check Python code against some of the docstring style conventions in PEP 257
[30.023s] -- Added test 'xmllint' to check XML markup files
[30.067s] -- Configuring done (29.1s)
[30.964s] -- Generating done (0.8s)
[31.297s] -- Build files have been written to: /home/aidin/warehouse_auto_ws/build/warehouse_description
[31.455s] Invoked command in '/home/aidin/warehouse_auto_ws/build/warehouse_description' returned '0': CMAKE_PREFIX_PATH=${CMAKE_PREFIX_PATH}:/opt/ros/jazzy PS1=
\[[1;36m\]warehouse_auto_ws\[[0m\] on \[[1;35m\] master\[[0m\] \[[1;31m\][?]\[[0m\] took \[[1;33m\]1m9s\[[0m\] 
\[[1;31m\]❯\[[0m\] /usr/bin/cmake /home/aidin/warehouse_auto_ws/src/warehouse_description -DAMENT_CMAKE_SYMLINK_INSTALL=1 -DCMAKE_INSTALL_PREFIX=/home/aidin/warehouse_auto_ws/install/warehouse_description
[31.460s] Invoking command in '/home/aidin/warehouse_auto_ws/build/warehouse_description': CMAKE_PREFIX_PATH=${CMAKE_PREFIX_PATH}:/opt/ros/jazzy PS1=
\[[1;36m\]warehouse_auto_ws\[[0m\] on \[[1;35m\] master\[[0m\] \[[1;31m\][?]\[[0m\] took \[[1;33m\]1m9s\[[0m\] 
\[[1;31m\]❯\[[0m\] /usr/bin/cmake --build /home/aidin/warehouse_auto_ws/build/warehouse_description -- -j12 -l12
[31.561s] Invoked command in '/home/aidin/warehouse_auto_ws/build/warehouse_description' returned '0': CMAKE_PREFIX_PATH=${CMAKE_PREFIX_PATH}:/opt/ros/jazzy PS1=
\[[1;36m\]warehouse_auto_ws\[[0m\] on \[[1;35m\] master\[[0m\] \[[1;31m\][?]\[[0m\] took \[[1;33m\]1m9s\[[0m\] 
\[[1;31m\]❯\[[0m\] /usr/bin/cmake --build /home/aidin/warehouse_auto_ws/build/warehouse_description -- -j12 -l12
[31.573s] Invoking command in '/home/aidin/warehouse_auto_ws/build/warehouse_description': CMAKE_PREFIX_PATH=${CMAKE_PREFIX_PATH}:/opt/ros/jazzy PS1=
\[[1;36m\]warehouse_auto_ws\[[0m\] on \[[1;35m\] master\[[0m\] \[[1;31m\][?]\[[0m\] took \[[1;33m\]1m9s\[[0m\] 
\[[1;31m\]❯\[[0m\] /usr/bin/cmake --install /home/aidin/warehouse_auto_ws/build/warehouse_description
[31.583s] -- Install configuration: ""
[31.583s] -- Execute custom install script
[31.606s] -- Up-to-date symlink: /home/aidin/warehouse_auto_ws/install/warehouse_description/share/warehouse_description/launch/spawn_robot.launch.py
[31.618s] -- Up-to-date symlink: /home/aidin/warehouse_auto_ws/install/warehouse_description/share/warehouse_description/urdf/warehouse_robot.urdf
[31.628s] -- Up-to-date symlink: /home/aidin/warehouse_auto_ws/install/warehouse_description/share/warehouse_description/worlds/empty_world.sdf
[31.640s] -- Up-to-date symlink: /home/aidin/warehouse_auto_ws/install/warehouse_description/share/warehouse_description/worlds/empty_world.world
[31.640s] -- Up-to-date symlink: /home/aidin/warehouse_auto_ws/install/warehouse_description/share/ament_index/resource_index/package_run_dependencies/warehouse_description
[31.642s] -- Up-to-date symlink: /home/aidin/warehouse_auto_ws/install/warehouse_description/share/ament_index/resource_index/parent_prefix_path/warehouse_description
[31.642s] -- Up-to-date symlink: /home/aidin/warehouse_auto_ws/install/warehouse_description/share/warehouse_description/environment/ament_prefix_path.sh
[31.643s] -- Up-to-date symlink: /home/aidin/warehouse_auto_ws/install/warehouse_description/share/warehouse_description/environment/ament_prefix_path.dsv
[31.644s] -- Up-to-date symlink: /home/aidin/warehouse_auto_ws/install/warehouse_description/share/warehouse_description/environment/path.sh
[31.645s] -- Up-to-date symlink: /home/aidin/warehouse_auto_ws/install/warehouse_description/share/warehouse_description/environment/path.dsv
[31.646s] -- Up-to-date symlink: /home/aidin/warehouse_auto_ws/install/warehouse_description/share/warehouse_description/local_setup.bash
[31.647s] -- Up-to-date symlink: /home/aidin/warehouse_auto_ws/install/warehouse_description/share/warehouse_description/local_setup.sh
[31.648s] -- Up-to-date symlink: /home/aidin/warehouse_auto_ws/install/warehouse_description/share/warehouse_description/local_setup.zsh
[31.649s] -- Up-to-date symlink: /home/aidin/warehouse_auto_ws/install/warehouse_description/share/warehouse_description/local_setup.dsv
[31.649s] -- Symlinking: /home/aidin/warehouse_auto_ws/install/warehouse_description/share/warehouse_description/package.dsv
[31.672s] -- Up-to-date symlink: /home/aidin/warehouse_auto_ws/install/warehouse_description/share/ament_index/resource_index/packages/warehouse_description
[31.673s] -- Up-to-date symlink: /home/aidin/warehouse_auto_ws/install/warehouse_description/share/warehouse_description/cmake/warehouse_descriptionConfig.cmake
[31.674s] -- Up-to-date symlink: /home/aidin/warehouse_auto_ws/install/warehouse_description/share/warehouse_description/cmake/warehouse_descriptionConfig-version.cmake
[31.675s] -- Up-to-date symlink: /home/aidin/warehouse_auto_ws/install/warehouse_description/share/warehouse_description/package.xml
[31.677s] Invoked command in '/home/aidin/warehouse_auto_ws/build/warehouse_description' returned '0': CMAKE_PREFIX_PATH=${CMAKE_PREFIX_PATH}:/opt/ros/jazzy PS1=
\[[1;36m\]warehouse_auto_ws\[[0m\] on \[[1;35m\] master\[[0m\] \[[1;31m\][?]\[[0m\] took \[[1;33m\]1m9s\[[0m\] 
\[[1;31m\]❯\[[0m\] /usr/bin/cmake --install /home/aidin/warehouse_auto_ws/build/warehouse_description
