[0.116s] Invoking command in '/home/aidin/warehouse_auto_ws/build/warehouse_description': CMAKE_PREFIX_PATH=${CMAKE_PREFIX_PATH}:/opt/ros/jazzy PS1=
\[[1;36m\]warehouse_auto_ws\[[0m\] on \[[1;35m\] master\[[0m\] \[[1;31m\][!?]\[[0m\] took \[[1;33m\]45s\[[0m\] 
\[[1;32m\]❯\[[0m\] /usr/bin/cmake --build /home/aidin/warehouse_auto_ws/build/warehouse_description -- -j12 -l12
[0.508s] -- Found ament_cmake: 2.5.4 (/opt/ros/jazzy/share/ament_cmake/cmake)
[0.921s] -- Override CMake install command with custom implementation using symlinks instead of copying resources
[1.091s] -- Found rclcpp: 28.1.10 (/opt/ros/jazzy/share/rclcpp/cmake)
[2.123s] -- Found rosidl_generator_c: 4.6.5 (/opt/ros/jazzy/share/rosidl_generator_c/cmake)
[2.165s] -- Found rosidl_generator_cpp: 4.6.5 (/opt/ros/jazzy/share/rosidl_generator_cpp/cmake)
[2.241s] -- Using all available rosidl_typesupport_c: rosidl_typesupport_fastrtps_c;rosidl_typesupport_introspection_c
[2.297s] -- Using all available rosidl_typesupport_cpp: rosidl_typesupport_fastrtps_cpp;rosidl_typesupport_introspection_cpp
[3.001s] -- Found rmw_implementation_cmake: 7.3.2 (/opt/ros/jazzy/share/rmw_implementation_cmake/cmake)
[3.080s] -- Found rmw_fastrtps_cpp: 8.4.2 (/opt/ros/jazzy/share/rmw_fastrtps_cpp/cmake)
[3.846s] -- Using RMW implementation 'rmw_fastrtps_cpp' as default
[4.304s] -- Found ros_gz_sim: 1.0.15 (/opt/ros/jazzy/share/ros_gz_sim/cmake)
[4.982s] -- Found nav_msgs: 5.3.6 (/opt/ros/jazzy/share/nav_msgs/cmake)
[5.055s] -- Found sensor_msgs: 5.3.6 (/opt/ros/jazzy/share/sensor_msgs/cmake)
[5.126s] -- Found gz_math_vendor: 0.0.8 (/opt/ros/jazzy/share/gz_math_vendor/cmake)
[5.169s] -- Looking for gz-math7 -- found version 7.5.2
[5.255s] -- Searching for dependencies of gz-math7
[5.263s] -- Looking for gz-utils2 -- found version 2.2.1
[5.263s] -- Searching for dependencies of gz-utils2
[5.316s] -- Found gz_sim_vendor: 0.0.8 (/opt/ros/jazzy/share/gz_sim_vendor/cmake)
[5.608s] -- Looking for gz-sim8 -- found version 8.9.0
[5.609s] -- Searching for dependencies of gz-sim8
[5.625s] -- Looking for sdformat14 -- found version 14.7.0
[5.625s] -- Searching for dependencies of sdformat14
[5.650s] -- Checking for module 'tinyxml2'
[5.678s] --   Found tinyxml2, version 10.0.0
[5.720s] -- Looking for gz-math7 -- found version 7.5.2
[5.721s] -- Looking for gz-utils2 -- found version 2.2.1
[5.721s] -- Searching for dependencies of gz-utils2
[5.721s] -- Searching for <gz-utils2> component [cli]
[5.724s] -- Looking for gz-utils2-cli -- found version 2.2.1
[5.724s] -- Searching for dependencies of gz-utils2-cli
[5.745s] -- Looking for gz-plugin2 -- found version 2.0.4
[5.745s] -- Searching for dependencies of gz-plugin2
[5.745s] -- Looking for gz-utils2 -- found version 2.2.1
[5.762s] -- Searching for <gz-plugin2> component [loader]
[5.764s] -- Looking for gz-plugin2-loader -- found version 2.0.4
[5.764s] -- Searching for dependencies of gz-plugin2-loader
[5.767s] -- Searching for <gz-plugin2> component [register]
[5.768s] -- Looking for gz-plugin2-register -- found version 2.0.4
[5.769s] -- Searching for dependencies of gz-plugin2-register
[5.792s] -- Looking for gz-transport13 -- found version 13.4.1
[5.792s] -- Searching for dependencies of gz-transport13
[12.591s] -- Config-file not installed for ZeroMQ -- checking for pkg-config
[12.596s] -- Checking for module 'libzmq >= 4'
[13.222s] --   Found libzmq, version 4.3.5
[13.666s] -- Checking for module 'uuid'
[13.722s] --   Found uuid, version 2.39.3
[13.770s] -- Looking for gz-utils2 -- found version 2.2.1
[13.828s] -- Looking for gz-msgs10 -- found version 10.3.2
[13.828s] -- Searching for dependencies of gz-msgs10
[15.491s] -- Looking for gz-utils2 -- found version 2.2.1
[15.492s] -- Looking for gz-math7 -- found version 7.5.2
[15.982s] -- Searching for <gz-transport13> component [log]
[15.989s] -- Looking for gz-transport13-log -- found version 13.4.1
[15.989s] -- Searching for dependencies of gz-transport13-log
[15.991s] -- Searching for <gz-transport13> component [parameters]
[15.993s] -- Looking for gz-transport13-parameters -- found version 13.4.1
[15.993s] -- Searching for dependencies of gz-transport13-parameters
[15.996s] -- Looking for gz-msgs10 -- found version 10.3.2
[16.058s] -- Looking for gz-common5 -- found version 5.7.1
[16.058s] -- Searching for dependencies of gz-common5
[16.059s] -- Looking for gz-utils2 -- found version 2.2.1
[16.060s] -- Looking for dlfcn.h - found
[16.060s] -- Looking for libdl - found
[16.379s] -- Searching for <gz-common5> component [av]
[16.383s] -- Looking for gz-common5-av -- found version 5.7.1
[16.383s] -- Searching for dependencies of gz-common5-av
[16.397s] -- Checking for module 'libswscale'
[16.430s] --   Found libswscale, version 7.5.100
[16.479s] -- Checking for module 'libavdevice >= 56.4.100'
[16.715s] --   Found libavdevice, version 60.3.100
[16.929s] -- Checking for module 'libavformat'
[16.949s] --   Found libavformat, version 60.16.100
[17.002s] -- Checking for module 'libavcodec'
[17.022s] --   Found libavcodec, version 60.31.102
[17.073s] -- Checking for module 'libavutil'
[17.093s] --   Found libavutil, version 58.29.100
[17.139s] -- Searching for <gz-common5> component [events]
[17.141s] -- Looking for gz-common5-events -- found version 5.7.1
[17.141s] -- Searching for dependencies of gz-common5-events
[17.141s] -- Looking for gz-math7 -- found version 7.5.2
[17.143s] -- Searching for <gz-common5> component [graphics]
[17.145s] -- Looking for gz-common5-graphics -- found version 5.7.1
[17.145s] -- Searching for dependencies of gz-common5-graphics
[17.146s] -- Looking for gz-math7 -- found version 7.5.2
[17.174s] -- Searching for <gz-common5> component [io]
[17.175s] -- Looking for gz-common5-io -- found version 5.7.1
[17.176s] -- Searching for dependencies of gz-common5-io
[17.193s] -- Searching for <gz-common5> component [profiler]
[17.195s] -- Looking for gz-common5-profiler -- found version 5.7.1
[17.195s] -- Searching for dependencies of gz-common5-profiler
[17.211s] -- Looking for gz-fuel_tools9 -- found version 9.1.1
[17.211s] -- Searching for dependencies of gz-fuel_tools9
[19.447s] -- Checking for module 'jsoncpp'
[19.467s] --   Found jsoncpp, version 1.9.5
[21.401s] -- Checking for module 'yaml-0.1'
[21.424s] --   Found yaml-0.1, version 0.2.5
[21.479s] -- Checking for module 'libzip'
[21.597s] --   Found libzip, version 1.7.3
[21.640s] -- Looking for gz-utils2 -- found version 2.2.1
[21.640s] -- Looking for gz-common5 -- found version 5.7.1
[21.640s] -- Searching for dependencies of gz-common5
[21.641s] -- Looking for gz-utils2 -- found version 2.2.1
[21.641s] -- Looking for dlfcn.h - found
[21.641s] -- Looking for libdl - found
[21.650s] -- Searching for <gz-common5> component [testing]
[21.653s] -- Looking for gz-common5-testing -- found version 5.7.1
[21.653s] -- Searching for dependencies of gz-common5-testing
[21.656s] -- Looking for gz-math7 -- found version 7.5.2
[21.656s] -- Looking for gz-msgs10 -- found version 10.3.2
[21.671s] -- Looking for gz-gui8 -- found version 8.4.0
[21.671s] -- Searching for dependencies of gz-gui8
[23.504s] -- Looking for gz-utils2 -- found version 2.2.1
[23.504s] -- Looking for gz-math7 -- found version 7.5.2
[23.504s] -- Looking for gz-common5 -- found version 5.7.1
[23.505s] -- Looking for gz-plugin2 -- found version 2.0.4
[23.506s] -- Looking for gz-transport13 -- found version 13.4.1
[23.726s] -- Looking for gz-rendering8 -- found version 8.2.2
[23.726s] -- Searching for dependencies of gz-rendering8
[23.727s] -- Looking for gz-math7 -- found version 7.5.2
[23.727s] -- Searching for dependencies of gz-math7
[23.728s] -- Looking for gz-utils2 -- found version 2.2.1
[23.728s] -- Searching for <gz-math7> component [eigen3]
[23.754s] -- Looking for gz-math7-eigen3 -- found version 7.5.2
[23.754s] -- Searching for dependencies of gz-math7-eigen3
[23.807s] -- Looking for gz-common5 -- found version 5.7.1
[23.807s] -- Searching for dependencies of gz-common5
[23.808s] -- Looking for gz-utils2 -- found version 2.2.1
[23.808s] -- Looking for dlfcn.h - found
[23.809s] -- Looking for libdl - found
[23.824s] -- Searching for <gz-common5> component [graphics]
[23.825s] -- Searching for <gz-common5> component [events]
[23.825s] -- Searching for <gz-common5> component [geospatial]
[23.827s] -- Looking for gz-common5-geospatial -- found version 5.7.1
[23.827s] -- Searching for dependencies of gz-common5-geospatial
[23.828s] -- Looking for gz-math7 -- found version 7.5.2
[23.829s] -- Looking for gz-common5 -- found version 5.7.1
[23.847s] -- Looking for gz-plugin2 -- found version 2.0.4
[23.848s] -- Searching for dependencies of gz-plugin2
[23.848s] -- Looking for gz-utils2 -- found version 2.2.1
[23.848s] -- Searching for <gz-plugin2> component [all]
[23.850s] -- Looking for all libraries of gz-plugin2 -- found version 2.0.4
[23.851s] -- Looking for gz-plugin2 -- found version 2.0.4
[23.860s] -- Looking for gz-utils2 -- found version 2.2.1
[23.963s] -- Looking for gz-msgs10 -- found version 10.3.2
[24.526s] -- Looking for gz-physics7 -- found version 7.5.0
[24.527s] -- Searching for dependencies of gz-physics7
[24.528s] -- Looking for gz-common5 -- found version 5.7.1
[24.529s] -- Looking for gz-math7 -- found version 7.5.2
[24.530s] -- Looking for gz-plugin2 -- found version 2.0.4
[24.531s] -- Looking for gz-utils2 -- found version 2.2.1
[24.555s] -- Searching for <gz-physics7> component [heightmap]
[24.558s] -- Looking for gz-physics7-heightmap -- found version 7.5.0
[24.559s] -- Searching for dependencies of gz-physics7-heightmap
[24.559s] -- Looking for gz-common5 -- found version 5.7.1
[24.562s] -- Searching for <gz-physics7> component [mesh]
[24.564s] -- Looking for gz-physics7-mesh -- found version 7.5.0
[24.565s] -- Searching for dependencies of gz-physics7-mesh
[24.566s] -- Looking for gz-common5 -- found version 5.7.1
[24.569s] -- Searching for <gz-physics7> component [sdf]
[24.572s] -- Looking for gz-physics7-sdf -- found version 7.5.0
[24.572s] -- Searching for dependencies of gz-physics7-sdf
[24.573s] -- Looking for sdformat14 -- found version 14.7.0
[24.579s] -- Looking for gz-sensors8 -- found version 8.2.2
[24.580s] -- Searching for dependencies of gz-sensors8
[26.261s] -- Looking for gz-math7 -- found version 7.5.2
[26.261s] -- Looking for gz-common5 -- found version 5.7.1
[26.262s] -- Looking for gz-transport13 -- found version 13.4.1
[26.262s] -- Looking for gz-rendering8 -- found version 8.2.2
[26.263s] -- Looking for gz-msgs10 -- found version 10.3.2
[26.263s] -- Looking for sdformat14 -- found version 14.7.0
[26.370s] -- Searching for <gz-sensors8> component [air_pressure]
[26.375s] -- Looking for gz-sensors8-air_pressure -- found version 8.2.2
[26.376s] -- Searching for dependencies of gz-sensors8-air_pressure
[26.382s] -- Searching for <gz-sensors8> component [air_speed]
[26.386s] -- Looking for gz-sensors8-air_speed -- found version 8.2.2
[26.387s] -- Searching for dependencies of gz-sensors8-air_speed
[26.392s] -- Searching for <gz-sensors8> component [altimeter]
[26.395s] -- Looking for gz-sensors8-altimeter -- found version 8.2.2
[26.395s] -- Searching for dependencies of gz-sensors8-altimeter
[26.399s] -- Searching for <gz-sensors8> component [imu]
[26.427s] -- Looking for gz-sensors8-imu -- found version 8.2.2
[26.427s] -- Searching for dependencies of gz-sensors8-imu
[26.446s] -- Searching for <gz-sensors8> component [force_torque]
[26.463s] -- Looking for gz-sensors8-force_torque -- found version 8.2.2
[26.463s] -- Searching for dependencies of gz-sensors8-force_torque
[26.467s] -- Searching for <gz-sensors8> component [logical_camera]
[26.469s] -- Looking for gz-sensors8-logical_camera -- found version 8.2.2
[26.470s] -- Searching for dependencies of gz-sensors8-logical_camera
[26.473s] -- Searching for <gz-sensors8> component [magnetometer]
[26.475s] -- Looking for gz-sensors8-magnetometer -- found version 8.2.2
[26.475s] -- Searching for dependencies of gz-sensors8-magnetometer
[26.478s] -- Searching for <gz-sensors8> component [navsat]
[26.480s] -- Looking for gz-sensors8-navsat -- found version 8.2.2
[26.481s] -- Searching for dependencies of gz-sensors8-navsat
[26.483s] -- Searching for <gz-sensors8> component [dvl]
[26.486s] -- Looking for gz-sensors8-dvl -- found version 8.2.2
[26.486s] -- Searching for dependencies of gz-sensors8-dvl
[26.487s] -- Looking for gz-sensors8 -- found version 8.2.2
[26.487s] -- Searching for dependencies of gz-sensors8
[28.198s] -- Looking for gz-math7 -- found version 7.5.2
[28.198s] -- Looking for gz-common5 -- found version 5.7.1
[28.199s] -- Looking for gz-transport13 -- found version 13.4.1
[28.199s] -- Looking for gz-rendering8 -- found version 8.2.2
[28.200s] -- Looking for gz-msgs10 -- found version 10.3.2
[28.200s] -- Looking for sdformat14 -- found version 14.7.0
[28.200s] -- Searching for <gz-sensors8> component [rendering]
[28.203s] -- Looking for gz-sensors8-rendering -- found version 8.2.2
[28.204s] -- Searching for dependencies of gz-sensors8-rendering
[28.211s] -- Searching for <gz-sensors8> component [rendering]
[28.211s] -- Searching for <gz-sensors8> component [lidar]
[28.214s] -- Looking for gz-sensors8-lidar -- found version 8.2.2
[28.214s] -- Searching for dependencies of gz-sensors8-lidar
[28.214s] -- Looking for gz-sensors8 -- found version 8.2.2
[28.217s] -- Searching for <gz-sensors8> component [gpu_lidar]
[28.218s] -- Looking for gz-sensors8-gpu_lidar -- found version 8.2.2
[28.219s] -- Searching for dependencies of gz-sensors8-gpu_lidar
[28.219s] -- Looking for gz-sensors8 -- found version 8.2.2
[28.221s] -- Searching for <gz-sensors8> component [camera]
[28.223s] -- Looking for gz-sensors8-camera -- found version 8.2.2
[28.224s] -- Searching for dependencies of gz-sensors8-camera
[28.224s] -- Looking for gz-sensors8 -- found version 8.2.2
[28.227s] -- Searching for <gz-sensors8> component [boundingbox_camera]
[28.229s] -- Looking for gz-sensors8-boundingbox_camera -- found version 8.2.2
[28.229s] -- Searching for dependencies of gz-sensors8-boundingbox_camera
[28.232s] -- Searching for <gz-sensors8> component [segmentation_camera]
[28.233s] -- Looking for gz-sensors8-segmentation_camera -- found version 8.2.2
[28.233s] -- Searching for dependencies of gz-sensors8-segmentation_camera
[28.264s] -- Searching for <gz-sensors8> component [depth_camera]
[28.266s] -- Looking for gz-sensors8-depth_camera -- found version 8.2.2
[28.266s] -- Searching for dependencies of gz-sensors8-depth_camera
[28.267s] -- Looking for gz-sensors8 -- found version 8.2.2
[28.270s] -- Searching for <gz-sensors8> component [rgbd_camera]
[28.272s] -- Looking for gz-sensors8-rgbd_camera -- found version 8.2.2
[28.272s] -- Searching for dependencies of gz-sensors8-rgbd_camera
[28.273s] -- Looking for gz-sensors8 -- found version 8.2.2
[28.276s] -- Searching for <gz-sensors8> component [thermal_camera]
[28.277s] -- Looking for gz-sensors8-thermal_camera -- found version 8.2.2
[28.278s] -- Searching for dependencies of gz-sensors8-thermal_camera
[28.278s] -- Looking for gz-sensors8 -- found version 8.2.2
[28.281s] -- Searching for <gz-sensors8> component [wide_angle_camera]
[28.283s] -- Looking for gz-sensors8-wide_angle_camera -- found version 8.2.2
[28.283s] -- Searching for dependencies of gz-sensors8-wide_angle_camera
[28.287s] -- Looking for gz-rendering8 -- found version 8.2.2
[28.287s] -- Looking for gz-math7 -- found version 7.5.2
[28.288s] -- Looking for gz-utils2 -- found version 2.2.1
[30.034s] -- Looking for gz-plugin2 -- found version 2.0.4
[30.063s] -- Found ament_lint_auto: 0.17.2 (/opt/ros/jazzy/share/ament_lint_auto/cmake)
[30.372s] -- Added test 'flake8' to check Python code syntax and style conventions
[30.372s] -- Configured 'flake8' exclude dirs and/or files: 
[30.373s] -- Added test 'lint_cmake' to check CMake code style
[30.374s] -- Added test 'pep257' to check Python code against some of the docstring style conventions in PEP 257
[30.377s] -- Added test 'xmllint' to check XML markup files
[30.382s] -- Configuring done (30.1s)
[30.654s] -- Generating done (0.2s)
[30.680s] -- Build files have been written to: /home/aidin/warehouse_auto_ws/build/warehouse_description
[30.728s] Invoked command in '/home/aidin/warehouse_auto_ws/build/warehouse_description' returned '0': CMAKE_PREFIX_PATH=${CMAKE_PREFIX_PATH}:/opt/ros/jazzy PS1=
\[[1;36m\]warehouse_auto_ws\[[0m\] on \[[1;35m\] master\[[0m\] \[[1;31m\][!?]\[[0m\] took \[[1;33m\]45s\[[0m\] 
\[[1;32m\]❯\[[0m\] /usr/bin/cmake --build /home/aidin/warehouse_auto_ws/build/warehouse_description -- -j12 -l12
[30.757s] Invoking command in '/home/aidin/warehouse_auto_ws/build/warehouse_description': CMAKE_PREFIX_PATH=${CMAKE_PREFIX_PATH}:/opt/ros/jazzy PS1=
\[[1;36m\]warehouse_auto_ws\[[0m\] on \[[1;35m\] master\[[0m\] \[[1;31m\][!?]\[[0m\] took \[[1;33m\]45s\[[0m\] 
\[[1;32m\]❯\[[0m\] /usr/bin/cmake --install /home/aidin/warehouse_auto_ws/build/warehouse_description
[30.769s] -- Install configuration: ""
[30.769s] -- Execute custom install script
[30.783s] -- Up-to-date symlink: /home/aidin/warehouse_auto_ws/install/warehouse_description/share/warehouse_description/launch/spawn_robot.launch.py
[30.784s] -- Up-to-date symlink: /home/aidin/warehouse_auto_ws/install/warehouse_description/share/warehouse_description/urdf/warehouse_robot.urdf
[30.785s] -- Up-to-date symlink: /home/aidin/warehouse_auto_ws/install/warehouse_description/share/warehouse_description/worlds/empty_world.sdf
[30.786s] -- Up-to-date symlink: /home/aidin/warehouse_auto_ws/install/warehouse_description/share/warehouse_description/worlds/empty_world.world
[30.787s] -- Symlinking: /home/aidin/warehouse_auto_ws/install/warehouse_description/share/warehouse_description/config/ekf.yaml
[30.799s] -- Up-to-date symlink: /home/aidin/warehouse_auto_ws/install/warehouse_description/share/ament_index/resource_index/package_run_dependencies/warehouse_description
[30.802s] -- Up-to-date symlink: /home/aidin/warehouse_auto_ws/install/warehouse_description/share/ament_index/resource_index/parent_prefix_path/warehouse_description
[30.803s] -- Up-to-date symlink: /home/aidin/warehouse_auto_ws/install/warehouse_description/share/warehouse_description/environment/ament_prefix_path.sh
[30.803s] -- Up-to-date symlink: /home/aidin/warehouse_auto_ws/install/warehouse_description/share/warehouse_description/environment/ament_prefix_path.dsv
[30.804s] -- Up-to-date symlink: /home/aidin/warehouse_auto_ws/install/warehouse_description/share/warehouse_description/environment/path.sh
[30.805s] -- Up-to-date symlink: /home/aidin/warehouse_auto_ws/install/warehouse_description/share/warehouse_description/environment/path.dsv
[30.805s] -- Up-to-date symlink: /home/aidin/warehouse_auto_ws/install/warehouse_description/share/warehouse_description/local_setup.bash
[30.806s] -- Up-to-date symlink: /home/aidin/warehouse_auto_ws/install/warehouse_description/share/warehouse_description/local_setup.sh
[30.807s] -- Up-to-date symlink: /home/aidin/warehouse_auto_ws/install/warehouse_description/share/warehouse_description/local_setup.zsh
[30.807s] -- Up-to-date symlink: /home/aidin/warehouse_auto_ws/install/warehouse_description/share/warehouse_description/local_setup.dsv
[30.808s] -- Symlinking: /home/aidin/warehouse_auto_ws/install/warehouse_description/share/warehouse_description/package.dsv
[30.822s] -- Up-to-date symlink: /home/aidin/warehouse_auto_ws/install/warehouse_description/share/ament_index/resource_index/packages/warehouse_description
[30.822s] -- Up-to-date symlink: /home/aidin/warehouse_auto_ws/install/warehouse_description/share/warehouse_description/cmake/warehouse_descriptionConfig.cmake
[30.823s] -- Up-to-date symlink: /home/aidin/warehouse_auto_ws/install/warehouse_description/share/warehouse_description/cmake/warehouse_descriptionConfig-version.cmake
[30.824s] -- Up-to-date symlink: /home/aidin/warehouse_auto_ws/install/warehouse_description/share/warehouse_description/package.xml
[30.826s] Invoked command in '/home/aidin/warehouse_auto_ws/build/warehouse_description' returned '0': CMAKE_PREFIX_PATH=${CMAKE_PREFIX_PATH}:/opt/ros/jazzy PS1=
\[[1;36m\]warehouse_auto_ws\[[0m\] on \[[1;35m\] master\[[0m\] \[[1;31m\][!?]\[[0m\] took \[[1;33m\]45s\[[0m\] 
\[[1;32m\]❯\[[0m\] /usr/bin/cmake --install /home/aidin/warehouse_auto_ws/build/warehouse_description
