[5.077s] DEBUG:colcon:Command line arguments: ['/usr/bin/colcon', 'build', '--symlink-install']
[5.078s] DEBUG:colcon:Parsed command line arguments: Namespace(log_base=None, log_level=None, verb_name='build', build_base='build', install_base='install', merge_install=False, symlink_install=True, test_result_base=None, continue_on_error=False, executor='parallel', parallel_workers=12, event_handlers=None, ignore_user_meta=False, metas=['./colcon.meta'], base_paths=['.'], packages_ignore=None, packages_ignore_regex=None, paths=None, packages_up_to=None, packages_up_to_regex=None, packages_above=None, packages_above_and_dependencies=None, packages_above_depth=None, packages_select_by_dep=None, packages_skip_by_dep=None, packages_skip_up_to=None, packages_select_build_failed=False, packages_skip_build_finished=False, packages_select_test_failures=False, packages_skip_test_passed=False, packages_select=None, packages_skip=None, packages_select_regex=None, packages_skip_regex=None, packages_start=None, packages_end=None, allow_overriding=[], cmake_args=None, cmake_target=None, cmake_target_skip_unavailable=False, cmake_clean_cache=False, cmake_clean_first=False, cmake_force_configure=False, ament_cmake_args=None, catkin_cmake_args=None, catkin_skip_building_tests=False, mixin_files=None, mixin=None, verb_parser=<colcon_mixin.mixin.mixin_argument.MixinArgumentDecorator object at 0x7e63ef7a8a10>, verb_extension=<colcon_core.verb.build.BuildVerb object at 0x7e63ef7a86e0>, main=<bound method BuildVerb.main of <colcon_core.verb.build.BuildVerb object at 0x7e63ef7a86e0>>, mixin_verb=('build',))
[5.564s] Level 1:colcon.colcon_core.package_discovery:discover_packages(colcon_meta) check parameters
[5.565s] Level 1:colcon.colcon_core.package_discovery:discover_packages(recursive) check parameters
[5.565s] Level 1:colcon.colcon_core.package_discovery:discover_packages(ignore) check parameters
[5.565s] Level 1:colcon.colcon_core.package_discovery:discover_packages(path) check parameters
[5.565s] Level 1:colcon.colcon_core.package_discovery:discover_packages(colcon_meta) discover
[5.566s] Level 1:colcon.colcon_core.package_discovery:discover_packages(recursive) discover
[5.566s] INFO:colcon.colcon_core.package_discovery:Crawling recursively for packages in '/home/aidin/warehouse_auto_ws'
[5.566s] Level 1:colcon.colcon_core.package_identification:_identify(.) by extensions ['ignore', 'ignore_ament_install']
[5.567s] Level 1:colcon.colcon_core.package_identification:_identify(.) by extension 'ignore'
[5.567s] Level 1:colcon.colcon_core.package_identification:_identify(.) by extension 'ignore_ament_install'
[5.568s] Level 1:colcon.colcon_core.package_identification:_identify(.) by extensions ['colcon_pkg']
[5.568s] Level 1:colcon.colcon_core.package_identification:_identify(.) by extension 'colcon_pkg'
[5.568s] Level 1:colcon.colcon_core.package_identification:_identify(.) by extensions ['colcon_meta']
[5.568s] Level 1:colcon.colcon_core.package_identification:_identify(.) by extension 'colcon_meta'
[5.569s] Level 1:colcon.colcon_core.package_identification:_identify(.) by extensions ['ros']
[5.569s] Level 1:colcon.colcon_core.package_identification:_identify(.) by extension 'ros'
[5.888s] Level 1:colcon.colcon_core.package_identification:_identify(.) by extensions ['cmake', 'python']
[5.888s] Level 1:colcon.colcon_core.package_identification:_identify(.) by extension 'cmake'
[5.889s] Level 1:colcon.colcon_core.package_identification:_identify(.) by extension 'python'
[5.889s] Level 1:colcon.colcon_core.package_identification:_identify(.) by extensions ['python_setup_py']
[5.889s] Level 1:colcon.colcon_core.package_identification:_identify(.) by extension 'python_setup_py'
[5.890s] Level 1:colcon.colcon_core.package_identification:_identify(build) by extensions ['ignore', 'ignore_ament_install']
[5.890s] Level 1:colcon.colcon_core.package_identification:_identify(build) by extension 'ignore'
[5.891s] Level 1:colcon.colcon_core.package_identification:_identify(build) ignored
[5.891s] Level 1:colcon.colcon_core.package_identification:_identify(install) by extensions ['ignore', 'ignore_ament_install']
[5.892s] Level 1:colcon.colcon_core.package_identification:_identify(install) by extension 'ignore'
[5.892s] Level 1:colcon.colcon_core.package_identification:_identify(install) ignored
[5.893s] Level 1:colcon.colcon_core.package_identification:_identify(log) by extensions ['ignore', 'ignore_ament_install']
[5.894s] Level 1:colcon.colcon_core.package_identification:_identify(log) by extension 'ignore'
[5.894s] Level 1:colcon.colcon_core.package_identification:_identify(log) ignored
[5.895s] Level 1:colcon.colcon_core.package_identification:_identify(src) by extensions ['ignore', 'ignore_ament_install']
[5.895s] Level 1:colcon.colcon_core.package_identification:_identify(src) by extension 'ignore'
[5.895s] Level 1:colcon.colcon_core.package_identification:_identify(src) by extension 'ignore_ament_install'
[5.896s] Level 1:colcon.colcon_core.package_identification:_identify(src) by extensions ['colcon_pkg']
[5.896s] Level 1:colcon.colcon_core.package_identification:_identify(src) by extension 'colcon_pkg'
[5.896s] Level 1:colcon.colcon_core.package_identification:_identify(src) by extensions ['colcon_meta']
[5.896s] Level 1:colcon.colcon_core.package_identification:_identify(src) by extension 'colcon_meta'
[5.896s] Level 1:colcon.colcon_core.package_identification:_identify(src) by extensions ['ros']
[5.897s] Level 1:colcon.colcon_core.package_identification:_identify(src) by extension 'ros'
[5.897s] Level 1:colcon.colcon_core.package_identification:_identify(src) by extensions ['cmake', 'python']
[5.898s] Level 1:colcon.colcon_core.package_identification:_identify(src) by extension 'cmake'
[5.898s] Level 1:colcon.colcon_core.package_identification:_identify(src) by extension 'python'
[5.898s] Level 1:colcon.colcon_core.package_identification:_identify(src) by extensions ['python_setup_py']
[5.898s] Level 1:colcon.colcon_core.package_identification:_identify(src) by extension 'python_setup_py'
[5.899s] Level 1:colcon.colcon_core.package_identification:_identify(src/warehouse_description) by extensions ['ignore', 'ignore_ament_install']
[5.899s] Level 1:colcon.colcon_core.package_identification:_identify(src/warehouse_description) by extension 'ignore'
[5.899s] Level 1:colcon.colcon_core.package_identification:_identify(src/warehouse_description) by extension 'ignore_ament_install'
[5.900s] Level 1:colcon.colcon_core.package_identification:_identify(src/warehouse_description) by extensions ['colcon_pkg']
[5.900s] Level 1:colcon.colcon_core.package_identification:_identify(src/warehouse_description) by extension 'colcon_pkg'
[5.900s] Level 1:colcon.colcon_core.package_identification:_identify(src/warehouse_description) by extensions ['colcon_meta']
[5.900s] Level 1:colcon.colcon_core.package_identification:_identify(src/warehouse_description) by extension 'colcon_meta'
[5.901s] Level 1:colcon.colcon_core.package_identification:_identify(src/warehouse_description) by extensions ['ros']
[5.901s] Level 1:colcon.colcon_core.package_identification:_identify(src/warehouse_description) by extension 'ros'
[5.937s] DEBUG:colcon.colcon_core.package_identification:Package 'src/warehouse_description' with type 'ros.ament_cmake' and name 'warehouse_description'
[5.937s] Level 1:colcon.colcon_core.package_discovery:discover_packages(recursive) using defaults
[5.937s] Level 1:colcon.colcon_core.package_discovery:discover_packages(ignore) discover
[5.938s] Level 1:colcon.colcon_core.package_discovery:discover_packages(ignore) using defaults
[5.938s] Level 1:colcon.colcon_core.package_discovery:discover_packages(path) discover
[5.938s] Level 1:colcon.colcon_core.package_discovery:discover_packages(path) using defaults
[6.132s] Level 1:colcon.colcon_core.package_discovery:discover_packages(prefix_path) check parameters
[6.132s] Level 1:colcon.colcon_core.package_discovery:discover_packages(prefix_path) discover
[6.161s] DEBUG:colcon.colcon_installed_package_information.package_discovery:Found 1 installed packages in /home/aidin/warehouse_auto_ws/install
[42.007s] DEBUG:colcon.colcon_installed_package_information.package_discovery:Found 459 installed packages in /opt/ros/jazzy
[42.017s] Level 1:colcon.colcon_core.package_discovery:discover_packages(prefix_path) using defaults
[11.136s] Level 5:colcon.colcon_core.verb:set package 'warehouse_description' build argument 'cmake_args' from command line to 'None'
[11.136s] Level 5:colcon.colcon_core.verb:set package 'warehouse_description' build argument 'cmake_target' from command line to 'None'
[11.136s] Level 5:colcon.colcon_core.verb:set package 'warehouse_description' build argument 'cmake_target_skip_unavailable' from command line to 'False'
[11.136s] Level 5:colcon.colcon_core.verb:set package 'warehouse_description' build argument 'cmake_clean_cache' from command line to 'False'
[11.136s] Level 5:colcon.colcon_core.verb:set package 'warehouse_description' build argument 'cmake_clean_first' from command line to 'False'
[11.136s] Level 5:colcon.colcon_core.verb:set package 'warehouse_description' build argument 'cmake_force_configure' from command line to 'False'
[11.136s] Level 5:colcon.colcon_core.verb:set package 'warehouse_description' build argument 'ament_cmake_args' from command line to 'None'
[11.136s] Level 5:colcon.colcon_core.verb:set package 'warehouse_description' build argument 'catkin_cmake_args' from command line to 'None'
[11.136s] Level 5:colcon.colcon_core.verb:set package 'warehouse_description' build argument 'catkin_skip_building_tests' from command line to 'False'
[11.137s] DEBUG:colcon.colcon_core.verb:Building package 'warehouse_description' with the following arguments: {'ament_cmake_args': None, 'build_base': '/home/aidin/warehouse_auto_ws/build/warehouse_description', 'catkin_cmake_args': None, 'catkin_skip_building_tests': False, 'cmake_args': None, 'cmake_clean_cache': False, 'cmake_clean_first': False, 'cmake_force_configure': False, 'cmake_target': None, 'cmake_target_skip_unavailable': False, 'install_base': '/home/aidin/warehouse_auto_ws/install/warehouse_description', 'merge_install': False, 'path': '/home/aidin/warehouse_auto_ws/src/warehouse_description', 'symlink_install': True, 'test_result_base': None}
[11.137s] INFO:colcon.colcon_core.executor:Executing jobs using 'parallel' executor
[11.139s] DEBUG:colcon.colcon_parallel_executor.executor.parallel:run_until_complete
[11.140s] INFO:colcon.colcon_ros.task.ament_cmake.build:Building ROS package in '/home/aidin/warehouse_auto_ws/src/warehouse_description' with build type 'ament_cmake'
[11.140s] INFO:colcon.colcon_cmake.task.cmake.build:Building CMake package in '/home/aidin/warehouse_auto_ws/src/warehouse_description'
[47.076s] INFO:colcon.colcon_core.plugin_system:Skipping extension 'colcon_core.shell.bat': Not used on non-Windows systems
[47.077s] INFO:colcon.colcon_core.shell:Skip shell extension 'powershell' for command environment: Not usable outside of PowerShell
[47.077s] DEBUG:colcon.colcon_core.shell:Skip shell extension 'dsv' for command environment
[47.174s] DEBUG:colcon.colcon_core.event_handler.log_command:Invoking command in '/home/aidin/warehouse_auto_ws/build/warehouse_description': CMAKE_PREFIX_PATH=${CMAKE_PREFIX_PATH}:/opt/ros/jazzy PS1=
\[[1;36m\]warehouse_auto_ws\[[0m\] on \[[1;35m\] master\[[0m\] \[[1;31m\][!?]\[[0m\] took \[[1;33m\]4s\[[0m\] 
\[[1;31m\]❯\[[0m\] /usr/bin/cmake --build /home/aidin/warehouse_auto_ws/build/warehouse_description -- -j12 -l12
[14.002s] DEBUG:colcon.colcon_core.event_handler.log_command:Invoked command in '/home/aidin/warehouse_auto_ws/build/warehouse_description' returned '0': CMAKE_PREFIX_PATH=${CMAKE_PREFIX_PATH}:/opt/ros/jazzy PS1=
\[[1;36m\]warehouse_auto_ws\[[0m\] on \[[1;35m\] master\[[0m\] \[[1;31m\][!?]\[[0m\] took \[[1;33m\]4s\[[0m\] 
\[[1;31m\]❯\[[0m\] /usr/bin/cmake --build /home/aidin/warehouse_auto_ws/build/warehouse_description -- -j12 -l12
[14.058s] DEBUG:colcon.colcon_core.event_handler.log_command:Invoking command in '/home/aidin/warehouse_auto_ws/build/warehouse_description': CMAKE_PREFIX_PATH=${CMAKE_PREFIX_PATH}:/opt/ros/jazzy PS1=
\[[1;36m\]warehouse_auto_ws\[[0m\] on \[[1;35m\] master\[[0m\] \[[1;31m\][!?]\[[0m\] took \[[1;33m\]4s\[[0m\] 
\[[1;31m\]❯\[[0m\] /usr/bin/cmake --install /home/aidin/warehouse_auto_ws/build/warehouse_description
[14.194s] Level 1:colcon.colcon_core.environment:create_environment_scripts_only(warehouse_description)
[14.195s] DEBUG:colcon.colcon_core.event_handler.log_command:Invoked command in '/home/aidin/warehouse_auto_ws/build/warehouse_description' returned '0': CMAKE_PREFIX_PATH=${CMAKE_PREFIX_PATH}:/opt/ros/jazzy PS1=
\[[1;36m\]warehouse_auto_ws\[[0m\] on \[[1;35m\] master\[[0m\] \[[1;31m\][!?]\[[0m\] took \[[1;33m\]4s\[[0m\] 
\[[1;31m\]❯\[[0m\] /usr/bin/cmake --install /home/aidin/warehouse_auto_ws/build/warehouse_description
[14.291s] Level 1:colcon.colcon_core.environment:checking '/home/aidin/warehouse_auto_ws/install/warehouse_description' for CMake module files
[14.293s] Level 1:colcon.colcon_core.environment:checking '/home/aidin/warehouse_auto_ws/install/warehouse_description' for CMake config files
[14.294s] Level 1:colcon.colcon_core.shell:create_environment_hook('warehouse_description', 'cmake_prefix_path')
[14.295s] INFO:colcon.colcon_core.shell:Creating environment hook '/home/aidin/warehouse_auto_ws/install/warehouse_description/share/warehouse_description/hook/cmake_prefix_path.ps1'
[14.301s] INFO:colcon.colcon_core.shell:Creating environment descriptor '/home/aidin/warehouse_auto_ws/install/warehouse_description/share/warehouse_description/hook/cmake_prefix_path.dsv'
[14.311s] INFO:colcon.colcon_core.shell:Creating environment hook '/home/aidin/warehouse_auto_ws/install/warehouse_description/share/warehouse_description/hook/cmake_prefix_path.sh'
[14.313s] Level 1:colcon.colcon_core.environment:checking '/home/aidin/warehouse_auto_ws/install/warehouse_description/bin'
[14.314s] Level 1:colcon.colcon_core.environment:checking '/home/aidin/warehouse_auto_ws/install/warehouse_description/lib/pkgconfig/warehouse_description.pc'
[14.314s] Level 1:colcon.colcon_core.environment:checking '/home/aidin/warehouse_auto_ws/install/warehouse_description/lib/python3.12/site-packages'
[14.314s] Level 1:colcon.colcon_core.environment:checking '/home/aidin/warehouse_auto_ws/install/warehouse_description/bin'
[14.315s] INFO:colcon.colcon_core.shell:Creating package script '/home/aidin/warehouse_auto_ws/install/warehouse_description/share/warehouse_description/package.ps1'
[14.317s] INFO:colcon.colcon_core.shell:Creating package descriptor '/home/aidin/warehouse_auto_ws/install/warehouse_description/share/warehouse_description/package.dsv'
[14.318s] INFO:colcon.colcon_core.shell:Creating package script '/home/aidin/warehouse_auto_ws/install/warehouse_description/share/warehouse_description/package.sh'
[14.321s] INFO:colcon.colcon_core.shell:Creating package script '/home/aidin/warehouse_auto_ws/install/warehouse_description/share/warehouse_description/package.bash'
[14.325s] INFO:colcon.colcon_core.shell:Creating package script '/home/aidin/warehouse_auto_ws/install/warehouse_description/share/warehouse_description/package.zsh'
[14.339s] Level 1:colcon.colcon_core.environment:create_file_with_runtime_dependencies(/home/aidin/warehouse_auto_ws/install/warehouse_description/share/colcon-core/packages/warehouse_description)
[14.340s] Level 1:colcon.colcon_core.environment:create_environment_scripts_only(warehouse_description)
[14.340s] Level 1:colcon.colcon_core.environment:checking '/home/aidin/warehouse_auto_ws/install/warehouse_description' for CMake module files
[14.341s] Level 1:colcon.colcon_core.environment:checking '/home/aidin/warehouse_auto_ws/install/warehouse_description' for CMake config files
[14.342s] Level 1:colcon.colcon_core.shell:create_environment_hook('warehouse_description', 'cmake_prefix_path')
[14.342s] INFO:colcon.colcon_core.shell:Creating environment hook '/home/aidin/warehouse_auto_ws/install/warehouse_description/share/warehouse_description/hook/cmake_prefix_path.ps1'
[14.343s] INFO:colcon.colcon_core.shell:Creating environment descriptor '/home/aidin/warehouse_auto_ws/install/warehouse_description/share/warehouse_description/hook/cmake_prefix_path.dsv'
[14.344s] INFO:colcon.colcon_core.shell:Creating environment hook '/home/aidin/warehouse_auto_ws/install/warehouse_description/share/warehouse_description/hook/cmake_prefix_path.sh'
[14.345s] Level 1:colcon.colcon_core.environment:checking '/home/aidin/warehouse_auto_ws/install/warehouse_description/bin'
[14.345s] Level 1:colcon.colcon_core.environment:checking '/home/aidin/warehouse_auto_ws/install/warehouse_description/lib/pkgconfig/warehouse_description.pc'
[14.345s] Level 1:colcon.colcon_core.environment:checking '/home/aidin/warehouse_auto_ws/install/warehouse_description/lib/python3.12/site-packages'
[14.346s] Level 1:colcon.colcon_core.environment:checking '/home/aidin/warehouse_auto_ws/install/warehouse_description/bin'
[14.346s] INFO:colcon.colcon_core.shell:Creating package script '/home/aidin/warehouse_auto_ws/install/warehouse_description/share/warehouse_description/package.ps1'
[14.347s] INFO:colcon.colcon_core.shell:Creating package descriptor '/home/aidin/warehouse_auto_ws/install/warehouse_description/share/warehouse_description/package.dsv'
[14.347s] INFO:colcon.colcon_core.shell:Creating package script '/home/aidin/warehouse_auto_ws/install/warehouse_description/share/warehouse_description/package.sh'
[14.348s] INFO:colcon.colcon_core.shell:Creating package script '/home/aidin/warehouse_auto_ws/install/warehouse_description/share/warehouse_description/package.bash'
[14.349s] INFO:colcon.colcon_core.shell:Creating package script '/home/aidin/warehouse_auto_ws/install/warehouse_description/share/warehouse_description/package.zsh'
[14.350s] Level 1:colcon.colcon_core.environment:create_file_with_runtime_dependencies(/home/aidin/warehouse_auto_ws/install/warehouse_description/share/colcon-core/packages/warehouse_description)
[14.350s] DEBUG:colcon.colcon_parallel_executor.executor.parallel:closing loop
[14.351s] DEBUG:colcon.colcon_parallel_executor.executor.parallel:loop closed
[14.351s] DEBUG:colcon.colcon_parallel_executor.executor.parallel:run_until_complete finished with '0'
[14.351s] DEBUG:colcon.colcon_core.event_reactor:joining thread
[14.489s] INFO:colcon.colcon_core.plugin_system:Skipping extension 'colcon_notification.desktop_notification.terminal_notifier': Not used on non-Darwin systems
[14.489s] INFO:colcon.colcon_core.plugin_system:Skipping extension 'colcon_notification.desktop_notification.win32': Not used on non-Windows systems
[14.489s] INFO:colcon.colcon_notification.desktop_notification:Sending desktop notification using 'notify2'
[14.523s] DEBUG:colcon.colcon_notification.desktop_notification.notify2:Failed to initialize notify2: org.freedesktop.DBus.Error.ServiceUnknown: The name org.freedesktop.Notifications was not provided by any .service files
[14.524s] DEBUG:colcon.colcon_core.event_reactor:joined thread
[14.526s] INFO:colcon.colcon_core.shell:Creating prefix script '/home/aidin/warehouse_auto_ws/install/local_setup.ps1'
[14.531s] INFO:colcon.colcon_core.shell:Creating prefix util module '/home/aidin/warehouse_auto_ws/install/_local_setup_util_ps1.py'
[14.537s] INFO:colcon.colcon_core.shell:Creating prefix chain script '/home/aidin/warehouse_auto_ws/install/setup.ps1'
[14.595s] INFO:colcon.colcon_core.shell:Creating prefix script '/home/aidin/warehouse_auto_ws/install/local_setup.sh'
[14.600s] INFO:colcon.colcon_core.shell:Creating prefix util module '/home/aidin/warehouse_auto_ws/install/_local_setup_util_sh.py'
[14.607s] INFO:colcon.colcon_core.shell:Creating prefix chain script '/home/aidin/warehouse_auto_ws/install/setup.sh'
[14.613s] INFO:colcon.colcon_core.shell:Creating prefix script '/home/aidin/warehouse_auto_ws/install/local_setup.bash'
[14.617s] INFO:colcon.colcon_core.shell:Creating prefix chain script '/home/aidin/warehouse_auto_ws/install/setup.bash'
[14.628s] INFO:colcon.colcon_core.shell:Creating prefix script '/home/aidin/warehouse_auto_ws/install/local_setup.zsh'
[14.684s] INFO:colcon.colcon_core.shell:Creating prefix chain script '/home/aidin/warehouse_auto_ws/install/setup.zsh'
