[2.751s] DEBUG:colcon:Command line arguments: ['/usr/bin/colcon', 'build', '--symlink-install']
[2.751s] DEBUG:colcon:Parsed command line arguments: Namespace(log_base=None, log_level=None, verb_name='build', build_base='build', install_base='install', merge_install=False, symlink_install=True, test_result_base=None, continue_on_error=False, executor='parallel', parallel_workers=12, event_handlers=None, ignore_user_meta=False, metas=['./colcon.meta'], base_paths=['.'], packages_ignore=None, packages_ignore_regex=None, paths=None, packages_up_to=None, packages_up_to_regex=None, packages_above=None, packages_above_and_dependencies=None, packages_above_depth=None, packages_select_by_dep=None, packages_skip_by_dep=None, packages_skip_up_to=None, packages_select_build_failed=False, packages_skip_build_finished=False, packages_select_test_failures=False, packages_skip_test_passed=False, packages_select=None, packages_skip=None, packages_select_regex=None, packages_skip_regex=None, packages_start=None, packages_end=None, allow_overriding=[], cmake_args=None, cmake_target=None, cmake_target_skip_unavailable=False, cmake_clean_cache=False, cmake_clean_first=False, cmake_force_configure=False, ament_cmake_args=None, catkin_cmake_args=None, catkin_skip_building_tests=False, mixin_files=None, mixin=None, verb_parser=<colcon_mixin.mixin.mixin_argument.MixinArgumentDecorator object at 0x771f827b09b0>, verb_extension=<colcon_core.verb.build.BuildVerb object at 0x771f827b0590>, main=<bound method BuildVerb.main of <colcon_core.verb.build.BuildVerb object at 0x771f827b0590>>, mixin_verb=('build',))
[3.096s] Level 1:colcon.colcon_core.package_discovery:discover_packages(colcon_meta) check parameters
[3.096s] Level 1:colcon.colcon_core.package_discovery:discover_packages(recursive) check parameters
[3.097s] Level 1:colcon.colcon_core.package_discovery:discover_packages(ignore) check parameters
[3.097s] Level 1:colcon.colcon_core.package_discovery:discover_packages(path) check parameters
[3.097s] Level 1:colcon.colcon_core.package_discovery:discover_packages(colcon_meta) discover
[3.097s] Level 1:colcon.colcon_core.package_discovery:discover_packages(recursive) discover
[3.097s] INFO:colcon.colcon_core.package_discovery:Crawling recursively for packages in '/home/aidin/warehouse_auto_ws'
[3.097s] Level 1:colcon.colcon_core.package_identification:_identify(.) by extensions ['ignore', 'ignore_ament_install']
[3.097s] Level 1:colcon.colcon_core.package_identification:_identify(.) by extension 'ignore'
[3.097s] Level 1:colcon.colcon_core.package_identification:_identify(.) by extension 'ignore_ament_install'
[3.097s] Level 1:colcon.colcon_core.package_identification:_identify(.) by extensions ['colcon_pkg']
[3.097s] Level 1:colcon.colcon_core.package_identification:_identify(.) by extension 'colcon_pkg'
[3.097s] Level 1:colcon.colcon_core.package_identification:_identify(.) by extensions ['colcon_meta']
[3.097s] Level 1:colcon.colcon_core.package_identification:_identify(.) by extension 'colcon_meta'
[3.097s] Level 1:colcon.colcon_core.package_identification:_identify(.) by extensions ['ros']
[3.097s] Level 1:colcon.colcon_core.package_identification:_identify(.) by extension 'ros'
[3.619s] Level 1:colcon.colcon_core.package_identification:_identify(.) by extensions ['cmake', 'python']
[3.619s] Level 1:colcon.colcon_core.package_identification:_identify(.) by extension 'cmake'
[3.619s] Level 1:colcon.colcon_core.package_identification:_identify(.) by extension 'python'
[3.619s] Level 1:colcon.colcon_core.package_identification:_identify(.) by extensions ['python_setup_py']
[3.619s] Level 1:colcon.colcon_core.package_identification:_identify(.) by extension 'python_setup_py'
[3.619s] Level 1:colcon.colcon_core.package_identification:_identify(build) by extensions ['ignore', 'ignore_ament_install']
[3.619s] Level 1:colcon.colcon_core.package_identification:_identify(build) by extension 'ignore'
[3.619s] Level 1:colcon.colcon_core.package_identification:_identify(build) ignored
[3.620s] Level 1:colcon.colcon_core.package_identification:_identify(install) by extensions ['ignore', 'ignore_ament_install']
[3.620s] Level 1:colcon.colcon_core.package_identification:_identify(install) by extension 'ignore'
[3.620s] Level 1:colcon.colcon_core.package_identification:_identify(install) ignored
[3.620s] Level 1:colcon.colcon_core.package_identification:_identify(log) by extensions ['ignore', 'ignore_ament_install']
[3.620s] Level 1:colcon.colcon_core.package_identification:_identify(log) by extension 'ignore'
[3.620s] Level 1:colcon.colcon_core.package_identification:_identify(log) ignored
[3.620s] Level 1:colcon.colcon_core.package_identification:_identify(src) by extensions ['ignore', 'ignore_ament_install']
[3.620s] Level 1:colcon.colcon_core.package_identification:_identify(src) by extension 'ignore'
[3.620s] Level 1:colcon.colcon_core.package_identification:_identify(src) by extension 'ignore_ament_install'
[3.620s] Level 1:colcon.colcon_core.package_identification:_identify(src) by extensions ['colcon_pkg']
[3.620s] Level 1:colcon.colcon_core.package_identification:_identify(src) by extension 'colcon_pkg'
[3.620s] Level 1:colcon.colcon_core.package_identification:_identify(src) by extensions ['colcon_meta']
[3.620s] Level 1:colcon.colcon_core.package_identification:_identify(src) by extension 'colcon_meta'
[3.620s] Level 1:colcon.colcon_core.package_identification:_identify(src) by extensions ['ros']
[3.620s] Level 1:colcon.colcon_core.package_identification:_identify(src) by extension 'ros'
[3.621s] Level 1:colcon.colcon_core.package_identification:_identify(src) by extensions ['cmake', 'python']
[3.621s] Level 1:colcon.colcon_core.package_identification:_identify(src) by extension 'cmake'
[3.621s] Level 1:colcon.colcon_core.package_identification:_identify(src) by extension 'python'
[3.621s] Level 1:colcon.colcon_core.package_identification:_identify(src) by extensions ['python_setup_py']
[3.621s] Level 1:colcon.colcon_core.package_identification:_identify(src) by extension 'python_setup_py'
[3.621s] Level 1:colcon.colcon_core.package_identification:_identify(src/warehouse_description) by extensions ['ignore', 'ignore_ament_install']
[3.621s] Level 1:colcon.colcon_core.package_identification:_identify(src/warehouse_description) by extension 'ignore'
[3.621s] Level 1:colcon.colcon_core.package_identification:_identify(src/warehouse_description) by extension 'ignore_ament_install'
[3.621s] Level 1:colcon.colcon_core.package_identification:_identify(src/warehouse_description) by extensions ['colcon_pkg']
[3.621s] Level 1:colcon.colcon_core.package_identification:_identify(src/warehouse_description) by extension 'colcon_pkg'
[3.621s] Level 1:colcon.colcon_core.package_identification:_identify(src/warehouse_description) by extensions ['colcon_meta']
[3.621s] Level 1:colcon.colcon_core.package_identification:_identify(src/warehouse_description) by extension 'colcon_meta'
[3.621s] Level 1:colcon.colcon_core.package_identification:_identify(src/warehouse_description) by extensions ['ros']
[3.621s] Level 1:colcon.colcon_core.package_identification:_identify(src/warehouse_description) by extension 'ros'
[3.713s] DEBUG:colcon.colcon_core.package_identification:Package 'src/warehouse_description' with type 'ros.ament_cmake' and name 'warehouse_description'
[3.713s] Level 1:colcon.colcon_core.package_discovery:discover_packages(recursive) using defaults
[3.713s] Level 1:colcon.colcon_core.package_discovery:discover_packages(ignore) discover
[3.713s] Level 1:colcon.colcon_core.package_discovery:discover_packages(ignore) using defaults
[3.713s] Level 1:colcon.colcon_core.package_discovery:discover_packages(path) discover
[3.713s] Level 1:colcon.colcon_core.package_discovery:discover_packages(path) using defaults
[4.237s] Level 1:colcon.colcon_core.package_discovery:discover_packages(prefix_path) check parameters
[4.237s] Level 1:colcon.colcon_core.package_discovery:discover_packages(prefix_path) discover
[4.257s] DEBUG:colcon.colcon_installed_package_information.package_discovery:Found 1 installed packages in /home/aidin/warehouse_auto_ws/install
[4.276s] DEBUG:colcon.colcon_installed_package_information.package_discovery:Found 452 installed packages in /opt/ros/jazzy
[4.278s] Level 1:colcon.colcon_core.package_discovery:discover_packages(prefix_path) using defaults
[7.191s] Level 5:colcon.colcon_core.verb:set package 'warehouse_description' build argument 'cmake_args' from command line to 'None'
[7.191s] Level 5:colcon.colcon_core.verb:set package 'warehouse_description' build argument 'cmake_target' from command line to 'None'
[7.191s] Level 5:colcon.colcon_core.verb:set package 'warehouse_description' build argument 'cmake_target_skip_unavailable' from command line to 'False'
[7.191s] Level 5:colcon.colcon_core.verb:set package 'warehouse_description' build argument 'cmake_clean_cache' from command line to 'False'
[7.191s] Level 5:colcon.colcon_core.verb:set package 'warehouse_description' build argument 'cmake_clean_first' from command line to 'False'
[7.191s] Level 5:colcon.colcon_core.verb:set package 'warehouse_description' build argument 'cmake_force_configure' from command line to 'False'
[7.191s] Level 5:colcon.colcon_core.verb:set package 'warehouse_description' build argument 'ament_cmake_args' from command line to 'None'
[7.191s] Level 5:colcon.colcon_core.verb:set package 'warehouse_description' build argument 'catkin_cmake_args' from command line to 'None'
[7.191s] Level 5:colcon.colcon_core.verb:set package 'warehouse_description' build argument 'catkin_skip_building_tests' from command line to 'False'
[7.191s] DEBUG:colcon.colcon_core.verb:Building package 'warehouse_description' with the following arguments: {'ament_cmake_args': None, 'build_base': '/home/aidin/warehouse_auto_ws/build/warehouse_description', 'catkin_cmake_args': None, 'catkin_skip_building_tests': False, 'cmake_args': None, 'cmake_clean_cache': False, 'cmake_clean_first': False, 'cmake_force_configure': False, 'cmake_target': None, 'cmake_target_skip_unavailable': False, 'install_base': '/home/aidin/warehouse_auto_ws/install/warehouse_description', 'merge_install': False, 'path': '/home/aidin/warehouse_auto_ws/src/warehouse_description', 'symlink_install': True, 'test_result_base': None}
[7.192s] INFO:colcon.colcon_core.executor:Executing jobs using 'parallel' executor
[7.192s] DEBUG:colcon.colcon_parallel_executor.executor.parallel:run_until_complete
[7.193s] INFO:colcon.colcon_ros.task.ament_cmake.build:Building ROS package in '/home/aidin/warehouse_auto_ws/src/warehouse_description' with build type 'ament_cmake'
[7.193s] INFO:colcon.colcon_cmake.task.cmake.build:Building CMake package in '/home/aidin/warehouse_auto_ws/src/warehouse_description'
[7.295s] INFO:colcon.colcon_core.plugin_system:Skipping extension 'colcon_core.shell.bat': Not used on non-Windows systems
[7.295s] INFO:colcon.colcon_core.shell:Skip shell extension 'powershell' for command environment: Not usable outside of PowerShell
[7.295s] DEBUG:colcon.colcon_core.shell:Skip shell extension 'dsv' for command environment
[7.367s] DEBUG:colcon.colcon_core.event_handler.log_command:Invoking command in '/home/aidin/warehouse_auto_ws/build/warehouse_description': CMAKE_PREFIX_PATH=${CMAKE_PREFIX_PATH}:/opt/ros/jazzy PS1=
\[[1;36m\]warehouse_auto_ws\[[0m\] on \[[1;35m\] master\[[0m\] took \[[1;33m\]39s\[[0m\] 
\[[1;32m\]❯\[[0m\] /usr/bin/cmake --build /home/aidin/warehouse_auto_ws/build/warehouse_description -- -j12 -l12
[8.067s] DEBUG:colcon.colcon_core.event_handler.log_command:Invoked command in '/home/aidin/warehouse_auto_ws/build/warehouse_description' returned '0': CMAKE_PREFIX_PATH=${CMAKE_PREFIX_PATH}:/opt/ros/jazzy PS1=
\[[1;36m\]warehouse_auto_ws\[[0m\] on \[[1;35m\] master\[[0m\] took \[[1;33m\]39s\[[0m\] 
\[[1;32m\]❯\[[0m\] /usr/bin/cmake --build /home/aidin/warehouse_auto_ws/build/warehouse_description -- -j12 -l12
[8.083s] DEBUG:colcon.colcon_core.event_handler.log_command:Invoking command in '/home/aidin/warehouse_auto_ws/build/warehouse_description': CMAKE_PREFIX_PATH=${CMAKE_PREFIX_PATH}:/opt/ros/jazzy PS1=
\[[1;36m\]warehouse_auto_ws\[[0m\] on \[[1;35m\] master\[[0m\] took \[[1;33m\]39s\[[0m\] 
\[[1;32m\]❯\[[0m\] /usr/bin/cmake --install /home/aidin/warehouse_auto_ws/build/warehouse_description
[8.655s] Level 1:colcon.colcon_core.environment:create_environment_scripts_only(warehouse_description)
[8.657s] DEBUG:colcon.colcon_core.event_handler.log_command:Invoked command in '/home/aidin/warehouse_auto_ws/build/warehouse_description' returned '0': CMAKE_PREFIX_PATH=${CMAKE_PREFIX_PATH}:/opt/ros/jazzy PS1=
\[[1;36m\]warehouse_auto_ws\[[0m\] on \[[1;35m\] master\[[0m\] took \[[1;33m\]39s\[[0m\] 
\[[1;32m\]❯\[[0m\] /usr/bin/cmake --install /home/aidin/warehouse_auto_ws/build/warehouse_description
[9.727s] Level 1:colcon.colcon_core.environment:checking '/home/aidin/warehouse_auto_ws/install/warehouse_description' for CMake module files
[9.729s] Level 1:colcon.colcon_core.environment:checking '/home/aidin/warehouse_auto_ws/install/warehouse_description' for CMake config files
[9.730s] Level 1:colcon.colcon_core.shell:create_environment_hook('warehouse_description', 'cmake_prefix_path')
[9.731s] INFO:colcon.colcon_core.shell:Creating environment hook '/home/aidin/warehouse_auto_ws/install/warehouse_description/share/warehouse_description/hook/cmake_prefix_path.ps1'
[9.775s] INFO:colcon.colcon_core.shell:Creating environment descriptor '/home/aidin/warehouse_auto_ws/install/warehouse_description/share/warehouse_description/hook/cmake_prefix_path.dsv'
[9.814s] INFO:colcon.colcon_core.shell:Creating environment hook '/home/aidin/warehouse_auto_ws/install/warehouse_description/share/warehouse_description/hook/cmake_prefix_path.sh'
[9.815s] Level 1:colcon.colcon_core.environment:checking '/home/aidin/warehouse_auto_ws/install/warehouse_description/bin'
[9.815s] Level 1:colcon.colcon_core.environment:checking '/home/aidin/warehouse_auto_ws/install/warehouse_description/lib/pkgconfig/warehouse_description.pc'
[9.816s] Level 1:colcon.colcon_core.environment:checking '/home/aidin/warehouse_auto_ws/install/warehouse_description/lib/python3.12/site-packages'
[9.816s] Level 1:colcon.colcon_core.environment:checking '/home/aidin/warehouse_auto_ws/install/warehouse_description/bin'
[9.816s] INFO:colcon.colcon_core.shell:Creating package script '/home/aidin/warehouse_auto_ws/install/warehouse_description/share/warehouse_description/package.ps1'
[9.817s] INFO:colcon.colcon_core.shell:Creating package descriptor '/home/aidin/warehouse_auto_ws/install/warehouse_description/share/warehouse_description/package.dsv'
[9.818s] INFO:colcon.colcon_core.shell:Creating package script '/home/aidin/warehouse_auto_ws/install/warehouse_description/share/warehouse_description/package.sh'
[9.819s] INFO:colcon.colcon_core.shell:Creating package script '/home/aidin/warehouse_auto_ws/install/warehouse_description/share/warehouse_description/package.bash'
[9.820s] INFO:colcon.colcon_core.shell:Creating package script '/home/aidin/warehouse_auto_ws/install/warehouse_description/share/warehouse_description/package.zsh'
[9.821s] Level 1:colcon.colcon_core.environment:create_file_with_runtime_dependencies(/home/aidin/warehouse_auto_ws/install/warehouse_description/share/colcon-core/packages/warehouse_description)
[9.829s] Level 1:colcon.colcon_core.environment:create_environment_scripts_only(warehouse_description)
[9.829s] Level 1:colcon.colcon_core.environment:checking '/home/aidin/warehouse_auto_ws/install/warehouse_description' for CMake module files
[9.830s] Level 1:colcon.colcon_core.environment:checking '/home/aidin/warehouse_auto_ws/install/warehouse_description' for CMake config files
[9.831s] Level 1:colcon.colcon_core.shell:create_environment_hook('warehouse_description', 'cmake_prefix_path')
[9.831s] INFO:colcon.colcon_core.shell:Creating environment hook '/home/aidin/warehouse_auto_ws/install/warehouse_description/share/warehouse_description/hook/cmake_prefix_path.ps1'
[9.832s] INFO:colcon.colcon_core.shell:Creating environment descriptor '/home/aidin/warehouse_auto_ws/install/warehouse_description/share/warehouse_description/hook/cmake_prefix_path.dsv'
[9.832s] INFO:colcon.colcon_core.shell:Creating environment hook '/home/aidin/warehouse_auto_ws/install/warehouse_description/share/warehouse_description/hook/cmake_prefix_path.sh'
[9.833s] Level 1:colcon.colcon_core.environment:checking '/home/aidin/warehouse_auto_ws/install/warehouse_description/bin'
[9.833s] Level 1:colcon.colcon_core.environment:checking '/home/aidin/warehouse_auto_ws/install/warehouse_description/lib/pkgconfig/warehouse_description.pc'
[9.833s] Level 1:colcon.colcon_core.environment:checking '/home/aidin/warehouse_auto_ws/install/warehouse_description/lib/python3.12/site-packages'
[9.833s] Level 1:colcon.colcon_core.environment:checking '/home/aidin/warehouse_auto_ws/install/warehouse_description/bin'
[9.833s] INFO:colcon.colcon_core.shell:Creating package script '/home/aidin/warehouse_auto_ws/install/warehouse_description/share/warehouse_description/package.ps1'
[9.834s] INFO:colcon.colcon_core.shell:Creating package descriptor '/home/aidin/warehouse_auto_ws/install/warehouse_description/share/warehouse_description/package.dsv'
[9.834s] INFO:colcon.colcon_core.shell:Creating package script '/home/aidin/warehouse_auto_ws/install/warehouse_description/share/warehouse_description/package.sh'
[9.835s] INFO:colcon.colcon_core.shell:Creating package script '/home/aidin/warehouse_auto_ws/install/warehouse_description/share/warehouse_description/package.bash'
[9.835s] INFO:colcon.colcon_core.shell:Creating package script '/home/aidin/warehouse_auto_ws/install/warehouse_description/share/warehouse_description/package.zsh'
[9.836s] Level 1:colcon.colcon_core.environment:create_file_with_runtime_dependencies(/home/aidin/warehouse_auto_ws/install/warehouse_description/share/colcon-core/packages/warehouse_description)
[9.836s] DEBUG:colcon.colcon_parallel_executor.executor.parallel:closing loop
[9.836s] DEBUG:colcon.colcon_parallel_executor.executor.parallel:loop closed
[9.836s] DEBUG:colcon.colcon_parallel_executor.executor.parallel:run_until_complete finished with '0'
[9.837s] DEBUG:colcon.colcon_core.event_reactor:joining thread
[10.144s] INFO:colcon.colcon_core.plugin_system:Skipping extension 'colcon_notification.desktop_notification.terminal_notifier': Not used on non-Darwin systems
[10.145s] INFO:colcon.colcon_core.plugin_system:Skipping extension 'colcon_notification.desktop_notification.win32': Not used on non-Windows systems
[10.145s] INFO:colcon.colcon_notification.desktop_notification:Sending desktop notification using 'notify2'
[10.152s] DEBUG:colcon.colcon_notification.desktop_notification.notify2:Failed to initialize notify2: org.freedesktop.DBus.Error.ServiceUnknown: The name org.freedesktop.Notifications was not provided by any .service files
[10.153s] DEBUG:colcon.colcon_core.event_reactor:joined thread
[10.154s] INFO:colcon.colcon_core.shell:Creating prefix script '/home/aidin/warehouse_auto_ws/install/local_setup.ps1'
[10.159s] INFO:colcon.colcon_core.shell:Creating prefix util module '/home/aidin/warehouse_auto_ws/install/_local_setup_util_ps1.py'
[10.166s] INFO:colcon.colcon_core.shell:Creating prefix chain script '/home/aidin/warehouse_auto_ws/install/setup.ps1'
[10.172s] INFO:colcon.colcon_core.shell:Creating prefix script '/home/aidin/warehouse_auto_ws/install/local_setup.sh'
[10.174s] INFO:colcon.colcon_core.shell:Creating prefix util module '/home/aidin/warehouse_auto_ws/install/_local_setup_util_sh.py'
[10.176s] INFO:colcon.colcon_core.shell:Creating prefix chain script '/home/aidin/warehouse_auto_ws/install/setup.sh'
[10.178s] INFO:colcon.colcon_core.shell:Creating prefix script '/home/aidin/warehouse_auto_ws/install/local_setup.bash'
[10.180s] INFO:colcon.colcon_core.shell:Creating prefix chain script '/home/aidin/warehouse_auto_ws/install/setup.bash'
[10.205s] INFO:colcon.colcon_core.shell:Creating prefix script '/home/aidin/warehouse_auto_ws/install/local_setup.zsh'
[10.260s] INFO:colcon.colcon_core.shell:Creating prefix chain script '/home/aidin/warehouse_auto_ws/install/setup.zsh'
