[0.173s] Invoking command in '/home/aidin/warehouse_auto_ws/build/warehouse_description': CMAKE_PREFIX_PATH=${CMAKE_PREFIX_PATH}:/opt/ros/jazzy PS1=
\[[1;36m\]warehouse_auto_ws\[[0m\] on \[[1;35m\] master\[[0m\] took \[[1;33m\]39s\[[0m\] 
\[[1;32m\]❯\[[0m\] /usr/bin/cmake --build /home/aidin/warehouse_auto_ws/build/warehouse_description -- -j12 -l12
[0.874s] Invoked command in '/home/aidin/warehouse_auto_ws/build/warehouse_description' returned '0': CMAKE_PREFIX_PATH=${CMAKE_PREFIX_PATH}:/opt/ros/jazzy PS1=
\[[1;36m\]warehouse_auto_ws\[[0m\] on \[[1;35m\] master\[[0m\] took \[[1;33m\]39s\[[0m\] 
\[[1;32m\]❯\[[0m\] /usr/bin/cmake --build /home/aidin/warehouse_auto_ws/build/warehouse_description -- -j12 -l12
[0.889s] Invoking command in '/home/aidin/warehouse_auto_ws/build/warehouse_description': CMAKE_PREFIX_PATH=${CMAKE_PREFIX_PATH}:/opt/ros/jazzy PS1=
\[[1;36m\]warehouse_auto_ws\[[0m\] on \[[1;35m\] master\[[0m\] took \[[1;33m\]39s\[[0m\] 
\[[1;32m\]❯\[[0m\] /usr/bin/cmake --install /home/aidin/warehouse_auto_ws/build/warehouse_description
[0.953s] -- Install configuration: ""
[0.998s] -- Execute custom install script
[1.048s] -- Up-to-date symlink: /home/aidin/warehouse_auto_ws/install/warehouse_description/share/warehouse_description/launch/spawn_robot.launch.py
[1.095s] -- Up-to-date symlink: /home/aidin/warehouse_auto_ws/install/warehouse_description/share/warehouse_description/urdf/warehouse_robot.urdf
[1.114s] -- Up-to-date symlink: /home/aidin/warehouse_auto_ws/install/warehouse_description/share/warehouse_description/worlds/empty_world.sdf
[1.114s] -- Symlinking: /home/aidin/warehouse_auto_ws/install/warehouse_description/share/warehouse_description/worlds/empty_world.world
[1.148s] -- Up-to-date symlink: /home/aidin/warehouse_auto_ws/install/warehouse_description/share/ament_index/resource_index/package_run_dependencies/warehouse_description
[1.261s] -- Up-to-date symlink: /home/aidin/warehouse_auto_ws/install/warehouse_description/share/ament_index/resource_index/parent_prefix_path/warehouse_description
[1.263s] -- Up-to-date symlink: /home/aidin/warehouse_auto_ws/install/warehouse_description/share/warehouse_description/environment/ament_prefix_path.sh
[1.277s] -- Up-to-date symlink: /home/aidin/warehouse_auto_ws/install/warehouse_description/share/warehouse_description/environment/ament_prefix_path.dsv
[1.280s] -- Up-to-date symlink: /home/aidin/warehouse_auto_ws/install/warehouse_description/share/warehouse_description/environment/path.sh
[1.294s] -- Up-to-date symlink: /home/aidin/warehouse_auto_ws/install/warehouse_description/share/warehouse_description/environment/path.dsv
[1.296s] -- Up-to-date symlink: /home/aidin/warehouse_auto_ws/install/warehouse_description/share/warehouse_description/local_setup.bash
[1.310s] -- Up-to-date symlink: /home/aidin/warehouse_auto_ws/install/warehouse_description/share/warehouse_description/local_setup.sh
[1.312s] -- Up-to-date symlink: /home/aidin/warehouse_auto_ws/install/warehouse_description/share/warehouse_description/local_setup.zsh
[1.314s] -- Up-to-date symlink: /home/aidin/warehouse_auto_ws/install/warehouse_description/share/warehouse_description/local_setup.dsv
[1.314s] -- Symlinking: /home/aidin/warehouse_auto_ws/install/warehouse_description/share/warehouse_description/package.dsv
[1.357s] -- Up-to-date symlink: /home/aidin/warehouse_auto_ws/install/warehouse_description/share/ament_index/resource_index/packages/warehouse_description
[1.365s] -- Up-to-date symlink: /home/aidin/warehouse_auto_ws/install/warehouse_description/share/warehouse_description/cmake/warehouse_descriptionConfig.cmake
[1.407s] -- Up-to-date symlink: /home/aidin/warehouse_auto_ws/install/warehouse_description/share/warehouse_description/cmake/warehouse_descriptionConfig-version.cmake
[1.445s] -- Up-to-date symlink: /home/aidin/warehouse_auto_ws/install/warehouse_description/share/warehouse_description/package.xml
[1.452s] Invoked command in '/home/aidin/warehouse_auto_ws/build/warehouse_description' returned '0': CMAKE_PREFIX_PATH=${CMAKE_PREFIX_PATH}:/opt/ros/jazzy PS1=
\[[1;36m\]warehouse_auto_ws\[[0m\] on \[[1;35m\] master\[[0m\] took \[[1;33m\]39s\[[0m\] 
\[[1;32m\]❯\[[0m\] /usr/bin/cmake --install /home/aidin/warehouse_auto_ws/build/warehouse_description
