[0.137s] Invoking command in '/home/aidin/warehouse_auto_ws/build/warehouse_description': PS1=
\[[1;36m\]warehouse_auto_ws\[[0m\] on \[[1;35m\] master\[[0m\] \[[1;31m\][?]\[[0m\] took \[[1;33m\]3m31s\[[0m\] 
\[[1;32m\]❯\[[0m\] /usr/bin/cmake /home/aidin/warehouse_auto_ws/src/warehouse_description -DCMAKE_INSTALL_PREFIX=/home/aidin/warehouse_auto_ws/install/warehouse_description
[1.562s] -- Found ament_cmake: 2.5.4 (/opt/ros/jazzy/share/ament_cmake/cmake)
[2.070s] -- Override CMake install command with custom implementation using symlinks instead of copying resources
[2.352s] -- Found rclcpp: 28.1.10 (/opt/ros/jazzy/share/rclcpp/cmake)
[3.439s] -- Found rosidl_generator_c: 4.6.5 (/opt/ros/jazzy/share/rosidl_generator_c/cmake)
[3.468s] -- Found rosidl_generator_cpp: 4.6.5 (/opt/ros/jazzy/share/rosidl_generator_cpp/cmake)
[3.534s] -- Using all available rosidl_typesupport_c: rosidl_typesupport_fastrtps_c;rosidl_typesupport_introspection_c
[3.591s] -- Using all available rosidl_typesupport_cpp: rosidl_typesupport_fastrtps_cpp;rosidl_typesupport_introspection_cpp
[3.854s] -- Found rmw_implementation_cmake: 7.3.2 (/opt/ros/jazzy/share/rmw_implementation_cmake/cmake)
[3.875s] -- Found rmw_fastrtps_cpp: 8.4.2 (/opt/ros/jazzy/share/rmw_fastrtps_cpp/cmake)
[4.536s] -- Using RMW implementation 'rmw_fastrtps_cpp' as default
[6.117s] -- Found ros_gz_sim: 1.0.15 (/opt/ros/jazzy/share/ros_gz_sim/cmake)
[8.459s] -- Found nav_msgs: 5.3.6 (/opt/ros/jazzy/share/nav_msgs/cmake)
[8.550s] -- Found sensor_msgs: 5.3.6 (/opt/ros/jazzy/share/sensor_msgs/cmake)
[8.653s] -- Found gz_math_vendor: 0.0.8 (/opt/ros/jazzy/share/gz_math_vendor/cmake)
[8.829s] -- Looking for gz-math7 -- found version 7.5.2
[8.948s] -- Searching for dependencies of gz-math7
[8.968s] -- Looking for gz-utils2 -- found version 2.2.1
[8.968s] -- Searching for dependencies of gz-utils2
[9.042s] -- Found gz_sim_vendor: 0.0.8 (/opt/ros/jazzy/share/gz_sim_vendor/cmake)
[9.996s] -- Looking for gz-sim8 -- found version 8.9.0
[9.996s] -- Searching for dependencies of gz-sim8
[10.024s] -- Looking for sdformat14 -- found version 14.7.0
[10.024s] -- Searching for dependencies of sdformat14
[10.044s] -- Checking for module 'tinyxml2'
[10.230s] --   Found tinyxml2, version 10.0.0
[10.278s] -- Looking for gz-math7 -- found version 7.5.2
[10.278s] -- Looking for gz-utils2 -- found version 2.2.1
[10.278s] -- Searching for dependencies of gz-utils2
[10.279s] -- Searching for <gz-utils2> component [cli]
[10.347s] -- Looking for gz-utils2-cli -- found version 2.2.1
[10.348s] -- Searching for dependencies of gz-utils2-cli
[10.566s] -- Looking for gz-plugin2 -- found version 2.0.4
[10.568s] -- Searching for dependencies of gz-plugin2
[10.569s] -- Looking for gz-utils2 -- found version 2.2.1
[10.687s] -- Searching for <gz-plugin2> component [loader]
[10.749s] -- Looking for gz-plugin2-loader -- found version 2.0.4
[10.750s] -- Searching for dependencies of gz-plugin2-loader
[10.765s] -- Searching for <gz-plugin2> component [register]
[10.783s] -- Looking for gz-plugin2-register -- found version 2.0.4
[10.784s] -- Searching for dependencies of gz-plugin2-register
[10.903s] -- Looking for gz-transport13 -- found version 13.4.1
[10.904s] -- Searching for dependencies of gz-transport13
[16.464s] -- Found Protobuf: /usr/lib/x86_64-linux-gnu/libprotobuf.so (found version "3.21.12") 
[18.265s] -- Config-file not installed for ZeroMQ -- checking for pkg-config
[18.270s] -- Checking for module 'libzmq >= 4'
[18.756s] --   Found libzmq, version 4.3.5
[18.965s] -- Found ZeroMQ: TRUE (Required is at least version "4") 
[19.055s] -- Checking for module 'uuid'
[19.091s] --   Found uuid, version 2.39.3
[19.132s] -- Found UUID: TRUE  
[19.133s] -- Looking for gz-utils2 -- found version 2.2.1
[19.160s] -- Looking for gz-msgs10 -- found version 10.3.2
[19.160s] -- Searching for dependencies of gz-msgs10
[20.942s] -- Looking for gz-utils2 -- found version 2.2.1
[20.942s] -- Looking for gz-math7 -- found version 7.5.2
[20.995s] -- Searching for <gz-transport13> component [log]
[21.002s] -- Looking for gz-transport13-log -- found version 13.4.1
[21.002s] -- Searching for dependencies of gz-transport13-log
[21.004s] -- Searching for <gz-transport13> component [parameters]
[21.010s] -- Looking for gz-transport13-parameters -- found version 13.4.1
[21.011s] -- Searching for dependencies of gz-transport13-parameters
[21.013s] -- Looking for gz-msgs10 -- found version 10.3.2
[21.159s] -- Looking for gz-common5 -- found version 5.7.1
[21.160s] -- Searching for dependencies of gz-common5
[21.162s] -- Looking for gz-utils2 -- found version 2.2.1
[21.332s] -- Looking for dlfcn.h - found
[21.391s] -- Looking for libdl - found
[21.392s] -- Found DL: TRUE  
[21.424s] -- Searching for <gz-common5> component [av]
[21.429s] -- Looking for gz-common5-av -- found version 5.7.1
[21.429s] -- Searching for dependencies of gz-common5-av
[21.436s] -- Checking for module 'libswscale'
[21.458s] --   Found libswscale, version 7.5.100
[21.508s] -- Found SWSCALE: TRUE  
[21.516s] -- Checking for module 'libavdevice >= 56.4.100'
[21.541s] --   Found libavdevice, version 60.3.100
[21.606s] -- Found AVDEVICE: TRUE (Required is at least version "56.4.100") 
[21.613s] -- Checking for module 'libavformat'
[21.633s] --   Found libavformat, version 60.16.100
[21.682s] -- Found AVFORMAT: TRUE  
[21.699s] -- Checking for module 'libavcodec'
[21.717s] --   Found libavcodec, version 60.31.102
[21.772s] -- Found AVCODEC: TRUE  
[21.779s] -- Checking for module 'libavutil'
[21.801s] --   Found libavutil, version 58.29.100
[21.851s] -- Found AVUTIL: TRUE  
[21.876s] -- Searching for <gz-common5> component [events]
[21.883s] -- Looking for gz-common5-events -- found version 5.7.1
[21.883s] -- Searching for dependencies of gz-common5-events
[21.883s] -- Looking for gz-math7 -- found version 7.5.2
[21.886s] -- Searching for <gz-common5> component [graphics]
[21.892s] -- Looking for gz-common5-graphics -- found version 5.7.1
[21.892s] -- Searching for dependencies of gz-common5-graphics
[21.893s] -- Looking for gz-math7 -- found version 7.5.2
[21.950s] -- Found GzAssimp: TRUE (found version "5.3.0") 
[21.952s] -- Searching for <gz-common5> component [io]
[21.969s] -- Looking for gz-common5-io -- found version 5.7.1
[21.969s] -- Searching for dependencies of gz-common5-io
[21.971s] -- Searching for <gz-common5> component [profiler]
[21.979s] -- Looking for gz-common5-profiler -- found version 5.7.1
[21.979s] -- Searching for dependencies of gz-common5-profiler
[21.997s] -- Looking for gz-fuel_tools9 -- found version 9.1.1
[21.998s] -- Searching for dependencies of gz-fuel_tools9
[24.169s] -- Found CURL: /usr/lib/x86_64-linux-gnu/libcurl.so (found version "8.5.0")  
[24.210s] -- Checking for module 'jsoncpp'
[24.231s] --   Found jsoncpp, version 1.9.5
[24.273s] -- Found JSONCPP: TRUE  
[26.030s] -- Checking for module 'yaml-0.1'
[26.051s] --   Found yaml-0.1, version 0.2.5
[26.092s] -- Found YAML: TRUE  
[26.100s] -- Checking for module 'libzip'
[26.184s] --   Found libzip, version 1.7.3
[26.255s] -- Found ZIP: TRUE  
[26.256s] -- Looking for gz-utils2 -- found version 2.2.1
[26.256s] -- Looking for gz-common5 -- found version 5.7.1
[26.257s] -- Searching for dependencies of gz-common5
[26.257s] -- Looking for gz-utils2 -- found version 2.2.1
[26.258s] -- Looking for dlfcn.h - found
[26.258s] -- Looking for libdl - found
[26.268s] -- Searching for <gz-common5> component [testing]
[26.276s] -- Looking for gz-common5-testing -- found version 5.7.1
[26.276s] -- Searching for dependencies of gz-common5-testing
[26.279s] -- Looking for gz-math7 -- found version 7.5.2
[26.279s] -- Looking for gz-msgs10 -- found version 10.3.2
[26.302s] -- Looking for gz-gui8 -- found version 8.4.0
[26.302s] -- Searching for dependencies of gz-gui8
[28.015s] -- Looking for gz-utils2 -- found version 2.2.1
[28.016s] -- Looking for gz-math7 -- found version 7.5.2
[28.016s] -- Looking for gz-common5 -- found version 5.7.1
[28.017s] -- Looking for gz-plugin2 -- found version 2.0.4
[28.017s] -- Looking for gz-transport13 -- found version 13.4.1
[28.245s] -- Looking for gz-rendering8 -- found version 8.2.2
[28.246s] -- Searching for dependencies of gz-rendering8
[28.249s] -- Looking for gz-math7 -- found version 7.5.2
[28.250s] -- Searching for dependencies of gz-math7
[28.251s] -- Looking for gz-utils2 -- found version 2.2.1
[28.252s] -- Searching for <gz-math7> component [eigen3]
[28.496s] -- Looking for gz-math7-eigen3 -- found version 7.5.2
[28.496s] -- Searching for dependencies of gz-math7-eigen3
[28.583s] -- Looking for gz-common5 -- found version 5.7.1
[28.583s] -- Searching for dependencies of gz-common5
[28.584s] -- Looking for gz-utils2 -- found version 2.2.1
[28.584s] -- Looking for dlfcn.h - found
[28.584s] -- Looking for libdl - found
[28.600s] -- Searching for <gz-common5> component [graphics]
[28.600s] -- Searching for <gz-common5> component [events]
[28.600s] -- Searching for <gz-common5> component [geospatial]
[28.610s] -- Looking for gz-common5-geospatial -- found version 5.7.1
[28.610s] -- Searching for dependencies of gz-common5-geospatial
[28.611s] -- Looking for gz-math7 -- found version 7.5.2
[28.612s] -- Looking for gz-common5 -- found version 5.7.1
[28.616s] -- Looking for gz-plugin2 -- found version 2.0.4
[28.616s] -- Searching for dependencies of gz-plugin2
[28.617s] -- Looking for gz-utils2 -- found version 2.2.1
[28.618s] -- Searching for <gz-plugin2> component [all]
[28.634s] -- Looking for all libraries of gz-plugin2 -- found version 2.0.4
[28.635s] -- Looking for gz-plugin2 -- found version 2.0.4
[28.637s] -- Looking for gz-utils2 -- found version 2.2.1
[29.844s] -- Found OpenGL: /usr/lib/x86_64-linux-gnu/libOpenGL.so  found components: OpenGL 
[29.863s] -- Looking for gz-msgs10 -- found version 10.3.2
[31.687s] -- Looking for gz-physics7 -- found version 7.5.0
[31.687s] -- Searching for dependencies of gz-physics7
[31.688s] -- Looking for gz-common5 -- found version 5.7.1
[31.688s] -- Looking for gz-math7 -- found version 7.5.2
[31.689s] -- Looking for gz-plugin2 -- found version 2.0.4
[31.690s] -- Looking for gz-utils2 -- found version 2.2.1
[31.713s] -- Searching for <gz-physics7> component [heightmap]
[31.720s] -- Looking for gz-physics7-heightmap -- found version 7.5.0
[31.721s] -- Searching for dependencies of gz-physics7-heightmap
[31.721s] -- Looking for gz-common5 -- found version 5.7.1
[31.723s] -- Searching for <gz-physics7> component [mesh]
[31.729s] -- Looking for gz-physics7-mesh -- found version 7.5.0
[31.730s] -- Searching for dependencies of gz-physics7-mesh
[31.730s] -- Looking for gz-common5 -- found version 5.7.1
[31.732s] -- Searching for <gz-physics7> component [sdf]
[31.736s] -- Looking for gz-physics7-sdf -- found version 7.5.0
[31.737s] -- Searching for dependencies of gz-physics7-sdf
[31.737s] -- Looking for sdformat14 -- found version 14.7.0
[31.762s] -- Looking for gz-sensors8 -- found version 8.2.2
[31.762s] -- Searching for dependencies of gz-sensors8
[33.516s] -- Looking for gz-math7 -- found version 7.5.2
[33.517s] -- Looking for gz-common5 -- found version 5.7.1
[33.517s] -- Looking for gz-transport13 -- found version 13.4.1
[33.518s] -- Looking for gz-rendering8 -- found version 8.2.2
[33.518s] -- Looking for gz-msgs10 -- found version 10.3.2
[33.519s] -- Looking for sdformat14 -- found version 14.7.0
[33.636s] -- Searching for <gz-sensors8> component [air_pressure]
[33.640s] -- Looking for gz-sensors8-air_pressure -- found version 8.2.2
[33.641s] -- Searching for dependencies of gz-sensors8-air_pressure
[33.642s] -- Searching for <gz-sensors8> component [air_speed]
[33.647s] -- Looking for gz-sensors8-air_speed -- found version 8.2.2
[33.647s] -- Searching for dependencies of gz-sensors8-air_speed
[33.648s] -- Searching for <gz-sensors8> component [altimeter]
[33.653s] -- Looking for gz-sensors8-altimeter -- found version 8.2.2
[33.653s] -- Searching for dependencies of gz-sensors8-altimeter
[33.655s] -- Searching for <gz-sensors8> component [imu]
[33.761s] -- Looking for gz-sensors8-imu -- found version 8.2.2
[33.761s] -- Searching for dependencies of gz-sensors8-imu
[33.764s] -- Searching for <gz-sensors8> component [force_torque]
[33.805s] -- Looking for gz-sensors8-force_torque -- found version 8.2.2
[33.806s] -- Searching for dependencies of gz-sensors8-force_torque
[33.816s] -- Searching for <gz-sensors8> component [logical_camera]
[33.958s] -- Looking for gz-sensors8-logical_camera -- found version 8.2.2
[33.959s] -- Searching for dependencies of gz-sensors8-logical_camera
[34.156s] -- Searching for <gz-sensors8> component [magnetometer]
[34.162s] -- Looking for gz-sensors8-magnetometer -- found version 8.2.2
[34.162s] -- Searching for dependencies of gz-sensors8-magnetometer
[34.164s] -- Searching for <gz-sensors8> component [navsat]
[34.169s] -- Looking for gz-sensors8-navsat -- found version 8.2.2
[34.169s] -- Searching for dependencies of gz-sensors8-navsat
[34.171s] -- Searching for <gz-sensors8> component [dvl]
[34.176s] -- Looking for gz-sensors8-dvl -- found version 8.2.2
[34.176s] -- Searching for dependencies of gz-sensors8-dvl
[34.176s] -- Looking for gz-sensors8 -- found version 8.2.2
[34.177s] -- Searching for dependencies of gz-sensors8
[36.005s] -- Looking for gz-math7 -- found version 7.5.2
[36.005s] -- Looking for gz-common5 -- found version 5.7.1
[36.006s] -- Looking for gz-transport13 -- found version 13.4.1
[36.006s] -- Looking for gz-rendering8 -- found version 8.2.2
[36.007s] -- Looking for gz-msgs10 -- found version 10.3.2
[36.007s] -- Looking for sdformat14 -- found version 14.7.0
[36.008s] -- Searching for <gz-sensors8> component [rendering]
[36.554s] -- Looking for gz-sensors8-rendering -- found version 8.2.2
[36.554s] -- Searching for dependencies of gz-sensors8-rendering
[36.573s] -- Searching for <gz-sensors8> component [rendering]
[36.573s] -- Searching for <gz-sensors8> component [lidar]
[36.589s] -- Looking for gz-sensors8-lidar -- found version 8.2.2
[36.590s] -- Searching for dependencies of gz-sensors8-lidar
[36.590s] -- Looking for gz-sensors8 -- found version 8.2.2
[36.607s] -- Searching for <gz-sensors8> component [gpu_lidar]
[36.623s] -- Looking for gz-sensors8-gpu_lidar -- found version 8.2.2
[36.623s] -- Searching for dependencies of gz-sensors8-gpu_lidar
[36.623s] -- Looking for gz-sensors8 -- found version 8.2.2
[36.626s] -- Searching for <gz-sensors8> component [camera]
[36.655s] -- Looking for gz-sensors8-camera -- found version 8.2.2
[36.655s] -- Searching for dependencies of gz-sensors8-camera
[36.655s] -- Looking for gz-sensors8 -- found version 8.2.2
[36.666s] -- Searching for <gz-sensors8> component [boundingbox_camera]
[36.783s] -- Looking for gz-sensors8-boundingbox_camera -- found version 8.2.2
[36.783s] -- Searching for dependencies of gz-sensors8-boundingbox_camera
[36.800s] -- Searching for <gz-sensors8> component [segmentation_camera]
[36.818s] -- Looking for gz-sensors8-segmentation_camera -- found version 8.2.2
[36.819s] -- Searching for dependencies of gz-sensors8-segmentation_camera
[36.822s] -- Searching for <gz-sensors8> component [depth_camera]
[36.855s] -- Looking for gz-sensors8-depth_camera -- found version 8.2.2
[36.856s] -- Searching for dependencies of gz-sensors8-depth_camera
[36.856s] -- Looking for gz-sensors8 -- found version 8.2.2
[36.872s] -- Searching for <gz-sensors8> component [rgbd_camera]
[36.890s] -- Looking for gz-sensors8-rgbd_camera -- found version 8.2.2
[36.890s] -- Searching for dependencies of gz-sensors8-rgbd_camera
[36.891s] -- Looking for gz-sensors8 -- found version 8.2.2
[36.934s] -- Searching for <gz-sensors8> component [thermal_camera]
[37.592s] -- Looking for gz-sensors8-thermal_camera -- found version 8.2.2
[37.592s] -- Searching for dependencies of gz-sensors8-thermal_camera
[37.593s] -- Looking for gz-sensors8 -- found version 8.2.2
[37.611s] -- Searching for <gz-sensors8> component [wide_angle_camera]
[37.628s] -- Looking for gz-sensors8-wide_angle_camera -- found version 8.2.2
[37.628s] -- Searching for dependencies of gz-sensors8-wide_angle_camera
[37.630s] -- Looking for gz-rendering8 -- found version 8.2.2
[37.630s] -- Looking for gz-math7 -- found version 7.5.2
[37.631s] -- Looking for gz-utils2 -- found version 2.2.1
[39.504s] -- Looking for gz-plugin2 -- found version 2.0.4
[39.527s] -- Found ament_lint_auto: 0.17.2 (/opt/ros/jazzy/share/ament_lint_auto/cmake)
[39.715s] Error parsing '/home/aidin/warehouse_auto_ws/src/warehouse_description/package.xml':
[59.750s] Traceback (most recent call last):
[59.751s]   File "/opt/ros/jazzy/share/ament_cmake_core/cmake/core/package_xml_2_cmake.py", line 150, in <module>
[59.751s]     main()
[59.751s]   File "/opt/ros/jazzy/share/ament_cmake_core/cmake/core/package_xml_2_cmake.py", line 53, in main
[59.751s]     raise e
[59.751s]   File "/opt/ros/jazzy/share/ament_cmake_core/cmake/core/package_xml_2_cmake.py", line 49, in main
[59.751s]     package = parse_package_string(
[59.752s]               ^^^^^^^^^^^^^^^^^^^^^
[59.752s]   File "/usr/lib/python3/dist-packages/catkin_pkg/package.py", line 786, in parse_package_string
[59.752s]     raise InvalidPackage('Error(s):%s' % (''.join(['\n- %s' % e for e in errors])), filename)
[59.752s] catkin_pkg.package.InvalidPackage: Error(s) in package '/home/aidin/warehouse_auto_ws/src/warehouse_description/package.xml':
[59.752s] Error(s):
[59.752s] - The generic dependency on 'rclcpp' is redundant with: build_depend, build_export_depend, exec_depend
[59.752s] - The generic dependency on 'ros_gz_bridge' is redundant with: build_depend, build_export_depend, exec_depend
[59.752s] - The generic dependency on 'ros_gz_sim' is redundant with: build_depend, build_export_depend, exec_depend
[59.847s] [31mCMake Error at /opt/ros/jazzy/share/ament_cmake_core/cmake/core/ament_package_xml.cmake:95 (message):
[59.847s]   execute_process(/usr/bin/python3
[59.847s]   /opt/ros/jazzy/share/ament_cmake_core/cmake/core/package_xml_2_cmake.py
[59.847s]   /home/aidin/warehouse_auto_ws/src/warehouse_description/package.xml
[59.847s]   /home/aidin/warehouse_auto_ws/build/warehouse_description/ament_cmake_core/package.cmake)
[59.847s]   returned error code 1
[59.847s] Call Stack (most recent call first):
[59.848s]   /opt/ros/jazzy/share/ament_cmake_core/cmake/core/ament_package_xml.cmake:49 (_ament_package_xml)
[59.848s]   /opt/ros/jazzy/share/ament_lint_auto/cmake/ament_lint_auto_find_test_dependencies.cmake:31 (ament_package_xml)
[59.848s]   CMakeLists.txt:36 (ament_lint_auto_find_test_dependencies)
[59.848s] 
[59.848s] [0m
[59.848s] -- Configuring incomplete, errors occurred!
[59.870s] Invoked command in '/home/aidin/warehouse_auto_ws/build/warehouse_description' returned '1': PS1=
\[[1;36m\]warehouse_auto_ws\[[0m\] on \[[1;35m\] master\[[0m\] \[[1;31m\][?]\[[0m\] took \[[1;33m\]3m31s\[[0m\] 
\[[1;32m\]❯\[[0m\] /usr/bin/cmake /home/aidin/warehouse_auto_ws/src/warehouse_description -DCMAKE_INSTALL_PREFIX=/home/aidin/warehouse_auto_ws/install/warehouse_description
